2025-05-28 16:14:57,273 - streamlit_logger_20250528_161457 - INFO - New logger 'streamlit_logger_20250528_161457' initialized successfully
2025-05-28 16:14:57,274 - streamlit_logger_20250528_161457 - INFO - Application Started
2025-05-28 16:14:57,274 - streamlit_logger_20250528_161457 - INFO - Processing 104 orders
2025-05-28 16:14:57,275 - streamlit_logger_20250528_161457 - DEBUG - Processing order 1/104: SKU=M1PZ19G490C, Qty=1
2025-05-28 16:14:57,277 - streamlit_logger_20250528_161457 - INFO - sku M1PZ19G490C in bin 1975 qty in bin 5
2025-05-28 16:14:57,278 - streamlit_logger_20250528_161457 - INFO - 1 units of sku M1PZ19G490C can be picked entirely from bin 1975 with pre-pick qty of 5
2025-05-28 16:14:57,282 - streamlit_logger_20250528_161457 - INFO - sku M1PZ19G490C had 13 bins above in the stack. It will now be popped to the top of the stack
2025-05-28 16:14:57,283 - streamlit_logger_20250528_161457 - DEBUG - sku M1PZ19G490C successfully picked and has units remaining in prio bin
2025-05-28 16:14:57,284 - streamlit_logger_20250528_161457 - DEBUG - check refill called
2025-05-28 16:14:57,285 - streamlit_logger_20250528_161457 - DEBUG - Processing order 2/104: SKU=AL3Z6038D, Qty=3
2025-05-28 16:14:57,289 - streamlit_logger_20250528_161457 - INFO - sku AL3Z6038D in bin 453 qty in bin 5
2025-05-28 16:14:57,289 - streamlit_logger_20250528_161457 - INFO - 3 units of sku AL3Z6038D can be picked entirely from bin 453 with pre-pick qty of 5
2025-05-28 16:14:57,292 - streamlit_logger_20250528_161457 - INFO - sku AL3Z6038D had 2 bins above in the stack. It will now be popped to the top of the stack
2025-05-28 16:14:57,292 - streamlit_logger_20250528_161457 - DEBUG - sku AL3Z6038D successfully picked and has units remaining in prio bin
2025-05-28 16:14:57,292 - streamlit_logger_20250528_161457 - DEBUG - check refill called
2025-05-28 16:14:57,293 - streamlit_logger_20250528_161457 - DEBUG - Processing order 3/104: SKU=F1EZ17626B, Qty=1
2025-05-28 16:14:57,294 - streamlit_logger_20250528_161457 - INFO - SKU F1EZ17626B was in given data, but does not fit in the AS
2025-05-28 16:14:57,295 - streamlit_logger_20250528_161457 - DEBUG - Processing order 4/104: SKU=CJ5Z7821453D, Qty=1
2025-05-28 16:14:57,295 - streamlit_logger_20250528_161457 - INFO - SKU CJ5Z7821453D was not in given sku data
2025-05-28 16:14:57,295 - streamlit_logger_20250528_161457 - DEBUG - Processing order 5/104: SKU=GL3Z99290D12AB, Qty=1
2025-05-28 16:14:57,297 - streamlit_logger_20250528_161457 - INFO - SKU GL3Z99290D12AB was not in given sku data
2025-05-28 16:14:57,297 - streamlit_logger_20250528_161457 - DEBUG - Processing order 6/104: SKU=M1PZ19G490C, Qty=1
2025-05-28 16:14:57,304 - streamlit_logger_20250528_161457 - INFO - sku M1PZ19G490C in bin 1975 qty in bin 4
2025-05-28 16:14:57,304 - streamlit_logger_20250528_161457 - INFO - 1 units of sku M1PZ19G490C can be picked entirely from bin 1975 with pre-pick qty of 4
2025-05-28 16:14:57,307 - streamlit_logger_20250528_161457 - INFO - sku M1PZ19G490C had 0 bins above in the stack. It will now be popped to the top of the stack
2025-05-28 16:14:57,308 - streamlit_logger_20250528_161457 - DEBUG - sku M1PZ19G490C successfully picked and has units remaining in prio bin
2025-05-28 16:14:57,308 - streamlit_logger_20250528_161457 - DEBUG - check refill called
2025-05-28 16:14:57,309 - streamlit_logger_20250528_161457 - DEBUG - Processing order 7/104: SKU=LJ8Z16103B, Qty=1
2025-05-28 16:14:57,310 - streamlit_logger_20250528_161457 - INFO - SKU LJ8Z16103B was not in given sku data
2025-05-28 16:14:57,310 - streamlit_logger_20250528_161457 - DEBUG - Processing order 8/104: SKU=5L8Z17526AA, Qty=1
2025-05-28 16:14:57,310 - streamlit_logger_20250528_161457 - INFO - SKU 5L8Z17526AA was not in given sku data
2025-05-28 16:14:57,311 - streamlit_logger_20250528_161457 - DEBUG - Processing order 9/104: SKU=HC3Z6038B, Qty=8
2025-05-28 16:14:57,316 - streamlit_logger_20250528_161457 - INFO - sku HC3Z6038B in bin 1390 qty in bin 10
2025-05-28 16:14:57,316 - streamlit_logger_20250528_161457 - INFO - 8 units of sku HC3Z6038B can be picked entirely from bin 1390 with pre-pick qty of 10
2025-05-28 16:14:57,319 - streamlit_logger_20250528_161457 - INFO - sku HC3Z6038B had 13 bins above in the stack. It will now be popped to the top of the stack
2025-05-28 16:14:57,319 - streamlit_logger_20250528_161457 - DEBUG - sku HC3Z6038B successfully picked and has units remaining in prio bin
2025-05-28 16:14:57,320 - streamlit_logger_20250528_161457 - DEBUG - check refill called
2025-05-28 16:14:57,321 - streamlit_logger_20250528_161457 - DEBUG - Processing order 10/104: SKU=7C3Z16796A, Qty=1
2025-05-28 16:14:57,322 - streamlit_logger_20250528_161457 - INFO - SKU 7C3Z16796A was not in given sku data
2025-05-28 16:14:57,322 - streamlit_logger_20250528_161457 - DEBUG - Processing order 11/104: SKU=KB3Z21275A37AA, Qty=1
2025-05-28 16:14:57,323 - streamlit_logger_20250528_161457 - INFO - SKU KB3Z21275A37AA was not in given sku data
2025-05-28 16:14:57,323 - streamlit_logger_20250528_161457 - DEBUG - Processing order 12/104: SKU=AL3Z6038D, Qty=1
2025-05-28 16:14:57,326 - streamlit_logger_20250528_161457 - INFO - sku AL3Z6038D in bin 453 qty in bin 2
2025-05-28 16:14:57,326 - streamlit_logger_20250528_161457 - INFO - 1 units of sku AL3Z6038D can be picked entirely from bin 453 with pre-pick qty of 2
2025-05-28 16:14:57,329 - streamlit_logger_20250528_161457 - INFO - sku AL3Z6038D had 0 bins above in the stack. It will now be popped to the top of the stack
2025-05-28 16:14:57,329 - streamlit_logger_20250528_161457 - DEBUG - sku AL3Z6038D successfully picked and has units remaining in prio bin
2025-05-28 16:14:57,330 - streamlit_logger_20250528_161457 - DEBUG - check refill called
2025-05-28 16:14:57,331 - streamlit_logger_20250528_161457 - DEBUG - Processing order 13/104: SKU=7A2Z17D942A, Qty=1
2025-05-28 16:14:57,332 - streamlit_logger_20250528_161457 - INFO - SKU 7A2Z17D942A was not in given sku data
2025-05-28 16:14:57,332 - streamlit_logger_20250528_161457 - DEBUG - Processing order 14/104: SKU=M1PZ19G490C, Qty=2
2025-05-28 16:14:57,336 - streamlit_logger_20250528_161457 - INFO - sku M1PZ19G490C in bin 1975 qty in bin 3
2025-05-28 16:14:57,337 - streamlit_logger_20250528_161457 - INFO - 2 units of sku M1PZ19G490C can be picked entirely from bin 1975 with pre-pick qty of 3
2025-05-28 16:14:57,339 - streamlit_logger_20250528_161457 - INFO - sku M1PZ19G490C had 0 bins above in the stack. It will now be popped to the top of the stack
2025-05-28 16:14:57,339 - streamlit_logger_20250528_161457 - DEBUG - sku M1PZ19G490C successfully picked and has units remaining in prio bin
2025-05-28 16:14:57,340 - streamlit_logger_20250528_161457 - DEBUG - check refill called
2025-05-28 16:14:57,341 - streamlit_logger_20250528_161457 - DEBUG - Processing order 15/104: SKU=FL3Z14A411D, Qty=1
2025-05-28 16:14:57,341 - streamlit_logger_20250528_161457 - INFO - SKU FL3Z14A411D was not in given sku data
2025-05-28 16:14:57,341 - streamlit_logger_20250528_161457 - DEBUG - Processing order 16/104: SKU=AW1Z5484D, Qty=1
2025-05-28 16:14:57,345 - streamlit_logger_20250528_161457 - INFO - sku AW1Z5484D in bin 3760 qty in bin 1
2025-05-28 16:14:57,345 - streamlit_logger_20250528_161457 - INFO - 1 units of sku AW1Z5484D can be picked entirely from bin 3760 with pre-pick qty of 1
2025-05-28 16:14:57,347 - streamlit_logger_20250528_161457 - INFO - sku AW1Z5484D had 3 bins above in the stack. It will now be popped to the top of the stack
2025-05-28 16:14:57,347 - streamlit_logger_20250528_161457 - INFO -  sku AW1Z5484D picked all items in compartment 8 of bin 3760. Now it will be marked empty.
2025-05-28 16:14:57,349 - streamlit_logger_20250528_161457 - DEBUG - confirmed - qty in bin is 0
2025-05-28 16:14:57,350 - streamlit_logger_20250528_161457 - INFO - success marking bin 3760 compartment 8 as empty
2025-05-28 16:14:57,351 - streamlit_logger_20250528_161457 - ERROR - No bins found containing AW1Z5484D
2025-05-28 16:14:57,353 - streamlit_logger_20250528_161457 - ERROR - No priority 1 bin for sku AW1Z5484D
2025-05-28 16:14:57,355 - streamlit_logger_20250528_161457 - DEBUG - check refill called
2025-05-28 16:14:57,356 - streamlit_logger_20250528_161457 - DEBUG - Processing order 17/104: SKU=AL3Z6038D, Qty=1
2025-05-28 16:14:57,359 - streamlit_logger_20250528_161457 - INFO - sku AL3Z6038D in bin 453 qty in bin 1.0
2025-05-28 16:14:57,359 - streamlit_logger_20250528_161457 - INFO - 1 units of sku AL3Z6038D can be picked entirely from bin 453 with pre-pick qty of 1.0
2025-05-28 16:14:57,362 - streamlit_logger_20250528_161457 - INFO - sku AL3Z6038D had 0 bins above in the stack. It will now be popped to the top of the stack
2025-05-28 16:14:57,362 - streamlit_logger_20250528_161457 - INFO -  sku AL3Z6038D picked all items in compartment 1 of bin 453. Now it will be marked empty.
2025-05-28 16:14:57,364 - streamlit_logger_20250528_161457 - DEBUG - confirmed - qty in bin is 0.0
2025-05-28 16:14:57,365 - streamlit_logger_20250528_161457 - INFO - success marking bin 453 compartment 1 as empty
2025-05-28 16:14:57,369 - streamlit_logger_20250528_161457 - DEBUG - check refill called
2025-05-28 16:14:57,370 - streamlit_logger_20250528_161457 - DEBUG - Processing order 18/104: SKU=HC3Z6038B, Qty=1
2025-05-28 16:14:57,372 - streamlit_logger_20250528_161457 - INFO - sku HC3Z6038B in bin 1390 qty in bin 2.0
2025-05-28 16:14:57,372 - streamlit_logger_20250528_161457 - INFO - 1 units of sku HC3Z6038B can be picked entirely from bin 1390 with pre-pick qty of 2.0
2025-05-28 16:14:57,374 - streamlit_logger_20250528_161457 - INFO - sku HC3Z6038B had 0 bins above in the stack. It will now be popped to the top of the stack
2025-05-28 16:14:57,374 - streamlit_logger_20250528_161457 - DEBUG - sku HC3Z6038B successfully picked and has units remaining in prio bin
2025-05-28 16:14:57,374 - streamlit_logger_20250528_161457 - DEBUG - check refill called
2025-05-28 16:14:57,375 - streamlit_logger_20250528_161457 - DEBUG - Processing order 19/104: SKU=M1PZ19G490C, Qty=1
2025-05-28 16:14:57,378 - streamlit_logger_20250528_161457 - INFO - sku M1PZ19G490C in bin 1975 qty in bin 1.0
2025-05-28 16:14:57,378 - streamlit_logger_20250528_161457 - INFO - 1 units of sku M1PZ19G490C can be picked entirely from bin 1975 with pre-pick qty of 1.0
2025-05-28 16:14:57,379 - streamlit_logger_20250528_161457 - INFO - sku M1PZ19G490C had 0 bins above in the stack. It will now be popped to the top of the stack
2025-05-28 16:14:57,380 - streamlit_logger_20250528_161457 - INFO -  sku M1PZ19G490C picked all items in compartment 1 of bin 1975. Now it will be marked empty.
2025-05-28 16:14:57,384 - streamlit_logger_20250528_161457 - DEBUG - confirmed - qty in bin is 0.0
2025-05-28 16:14:57,385 - streamlit_logger_20250528_161457 - INFO - success marking bin 1975 compartment 1 as empty
2025-05-28 16:14:57,390 - streamlit_logger_20250528_161457 - DEBUG - check refill called
2025-05-28 16:14:57,391 - streamlit_logger_20250528_161457 - DEBUG - Processing order 20/104: SKU=G2BZ5426810A, Qty=1
2025-05-28 16:14:57,391 - streamlit_logger_20250528_161457 - INFO - SKU G2BZ5426810A was not in given sku data
2025-05-28 16:14:57,391 - streamlit_logger_20250528_161457 - DEBUG - Processing order 21/104: SKU=L1MZ14A099N, Qty=1
2025-05-28 16:14:57,392 - streamlit_logger_20250528_161457 - INFO - SKU L1MZ14A099N was not in given sku data
2025-05-28 16:14:57,392 - streamlit_logger_20250528_161457 - DEBUG - Processing order 22/104: SKU=M1PZ19G490C, Qty=1
2025-05-28 16:14:57,395 - streamlit_logger_20250528_161457 - INFO - sku M1PZ19G490C in bin 1976 qty in bin 5.0
2025-05-28 16:14:57,396 - streamlit_logger_20250528_161457 - INFO - 1 units of sku M1PZ19G490C can be picked entirely from bin 1976 with pre-pick qty of 5.0
2025-05-28 16:14:57,398 - streamlit_logger_20250528_161457 - INFO - sku M1PZ19G490C had 6 bins above in the stack. It will now be popped to the top of the stack
2025-05-28 16:14:57,398 - streamlit_logger_20250528_161457 - DEBUG - sku M1PZ19G490C successfully picked and has units remaining in prio bin
2025-05-28 16:14:57,399 - streamlit_logger_20250528_161457 - DEBUG - check refill called
2025-05-28 16:14:57,400 - streamlit_logger_20250528_161457 - DEBUG - Processing order 23/104: SKU=ML3Z10E929CBA, Qty=1
2025-05-28 16:14:57,403 - streamlit_logger_20250528_161457 - INFO - sku ML3Z10E929CBA in bin 3152 qty in bin 1.0
2025-05-28 16:14:57,403 - streamlit_logger_20250528_161457 - INFO - 1 units of sku ML3Z10E929CBA can be picked entirely from bin 3152 with pre-pick qty of 1.0
2025-05-28 16:14:57,405 - streamlit_logger_20250528_161457 - INFO - sku ML3Z10E929CBA had 8 bins above in the stack. It will now be popped to the top of the stack
2025-05-28 16:14:57,405 - streamlit_logger_20250528_161457 - INFO -  sku ML3Z10E929CBA picked all items in compartment 2 of bin 3152. Now it will be marked empty.
2025-05-28 16:14:57,406 - streamlit_logger_20250528_161457 - DEBUG - confirmed - qty in bin is 0.0
2025-05-28 16:14:57,407 - streamlit_logger_20250528_161457 - INFO - success marking bin 3152 compartment 2 as empty
2025-05-28 16:14:57,407 - streamlit_logger_20250528_161457 - ERROR - No bins found containing ML3Z10E929CBA
2025-05-28 16:14:57,408 - streamlit_logger_20250528_161457 - ERROR - No priority 1 bin for sku ML3Z10E929CBA
2025-05-28 16:14:57,410 - streamlit_logger_20250528_161457 - DEBUG - check refill called
2025-05-28 16:14:57,411 - streamlit_logger_20250528_161457 - DEBUG - Processing order 24/104: SKU=ML3Z1627204A, Qty=1
2025-05-28 16:14:57,411 - streamlit_logger_20250528_161457 - INFO - SKU ML3Z1627204A was not in given sku data
2025-05-28 16:14:57,411 - streamlit_logger_20250528_161457 - DEBUG - Processing order 25/104: SKU=BE8Z2B292A, Qty=1
2025-05-28 16:14:57,412 - streamlit_logger_20250528_161457 - INFO - SKU BE8Z2B292A was not in given sku data
2025-05-28 16:14:57,412 - streamlit_logger_20250528_161457 - DEBUG - Processing order 26/104: SKU=KB3Z2162A, Qty=1
2025-05-28 16:14:57,413 - streamlit_logger_20250528_161457 - INFO - SKU KB3Z2162A was not in given sku data
2025-05-28 16:14:57,413 - streamlit_logger_20250528_161457 - DEBUG - Processing order 27/104: SKU=F37Z17795A, Qty=1
2025-05-28 16:14:57,417 - streamlit_logger_20250528_161457 - INFO - sku F37Z17795A in bin 3381 qty in bin 1.0
2025-05-28 16:14:57,417 - streamlit_logger_20250528_161457 - INFO - 1 units of sku F37Z17795A can be picked entirely from bin 3381 with pre-pick qty of 1.0
2025-05-28 16:14:57,418 - streamlit_logger_20250528_161457 - INFO - sku F37Z17795A had 3 bins above in the stack. It will now be popped to the top of the stack
2025-05-28 16:14:57,419 - streamlit_logger_20250528_161457 - INFO -  sku F37Z17795A picked all items in compartment 4 of bin 3381. Now it will be marked empty.
2025-05-28 16:14:57,420 - streamlit_logger_20250528_161457 - DEBUG - confirmed - qty in bin is 0.0
2025-05-28 16:14:57,421 - streamlit_logger_20250528_161457 - INFO - success marking bin 3381 compartment 4 as empty
2025-05-28 16:14:57,422 - streamlit_logger_20250528_161457 - ERROR - No bins found containing F37Z17795A
2025-05-28 16:14:57,424 - streamlit_logger_20250528_161457 - ERROR - No priority 1 bin for sku F37Z17795A
2025-05-28 16:14:57,425 - streamlit_logger_20250528_161457 - DEBUG - check refill called
2025-05-28 16:14:57,426 - streamlit_logger_20250528_161457 - DEBUG - Processing order 28/104: SKU=BK3Z1551400C, Qty=1
2025-05-28 16:14:57,427 - streamlit_logger_20250528_161457 - INFO - SKU BK3Z1551400C was not in given sku data
2025-05-28 16:14:57,427 - streamlit_logger_20250528_161457 - DEBUG - Processing order 29/104: SKU=AL3Z6038D, Qty=1
2025-05-28 16:14:57,431 - streamlit_logger_20250528_161457 - INFO - sku AL3Z6038D in bin 454 qty in bin 5.0
2025-05-28 16:14:57,431 - streamlit_logger_20250528_161457 - INFO - 1 units of sku AL3Z6038D can be picked entirely from bin 454 with pre-pick qty of 5.0
2025-05-28 16:14:57,433 - streamlit_logger_20250528_161457 - INFO - sku AL3Z6038D had 12 bins above in the stack. It will now be popped to the top of the stack
2025-05-28 16:14:57,433 - streamlit_logger_20250528_161457 - DEBUG - sku AL3Z6038D successfully picked and has units remaining in prio bin
2025-05-28 16:14:57,434 - streamlit_logger_20250528_161457 - DEBUG - check refill called
2025-05-28 16:14:57,435 - streamlit_logger_20250528_161457 - DEBUG - Processing order 30/104: SKU=H1BZ18808A, Qty=1
2025-05-28 16:14:57,435 - streamlit_logger_20250528_161457 - INFO - SKU H1BZ18808A was not in given sku data
2025-05-28 16:14:57,436 - streamlit_logger_20250528_161457 - DEBUG - Processing order 31/104: SKU=M1PZ19G490C, Qty=5
2025-05-28 16:14:57,439 - streamlit_logger_20250528_161457 - INFO - sku M1PZ19G490C in bin 1976 qty in bin 4.0
2025-05-28 16:14:57,440 - streamlit_logger_20250528_161457 - INFO - sku M1PZ19G490C had 0 bins above in the stack. It will now be popped to the top of the stack
2025-05-28 16:14:57,442 - streamlit_logger_20250528_161457 - INFO - sku M1PZ19G490C had 0 bins above in the stack. It will now be popped to the top of the stack
2025-05-28 16:14:57,444 - streamlit_logger_20250528_161457 - DEBUG - check refill called
2025-05-28 16:14:57,445 - streamlit_logger_20250528_161457 - DEBUG - Processing order 32/104: SKU=LJ7Z17E810AA, Qty=1
2025-05-28 16:14:57,445 - streamlit_logger_20250528_161457 - INFO - SKU LJ7Z17E810AA was not in given sku data
2025-05-28 16:14:57,446 - streamlit_logger_20250528_161457 - DEBUG - Processing order 33/104: SKU=6L2Z7D483N, Qty=1
2025-05-28 16:14:57,449 - streamlit_logger_20250528_161457 - INFO - sku 6L2Z7D483N in bin 3633 qty in bin 1.0
2025-05-28 16:14:57,450 - streamlit_logger_20250528_161457 - INFO - 1 units of sku 6L2Z7D483N can be picked entirely from bin 3633 with pre-pick qty of 1.0
2025-05-28 16:14:57,452 - streamlit_logger_20250528_161457 - INFO - sku 6L2Z7D483N had 15 bins above in the stack. It will now be popped to the top of the stack
2025-05-28 16:14:57,453 - streamlit_logger_20250528_161457 - INFO -  sku 6L2Z7D483N picked all items in compartment 5 of bin 3633. Now it will be marked empty.
2025-05-28 16:14:57,454 - streamlit_logger_20250528_161457 - DEBUG - confirmed - qty in bin is 0.0
2025-05-28 16:14:57,454 - streamlit_logger_20250528_161457 - INFO - success marking bin 3633 compartment 5 as empty
2025-05-28 16:14:57,455 - streamlit_logger_20250528_161457 - ERROR - No bins found containing 6L2Z7D483N
2025-05-28 16:14:57,456 - streamlit_logger_20250528_161457 - ERROR - No priority 1 bin for sku 6L2Z7D483N
2025-05-28 16:14:57,458 - streamlit_logger_20250528_161457 - DEBUG - check refill called
2025-05-28 16:14:57,458 - streamlit_logger_20250528_161457 - DEBUG - Processing order 34/104: SKU=AL3Z6038D, Qty=2
2025-05-28 16:14:57,461 - streamlit_logger_20250528_161457 - INFO - sku AL3Z6038D in bin 454 qty in bin 4.0
2025-05-28 16:14:57,461 - streamlit_logger_20250528_161457 - INFO - 2 units of sku AL3Z6038D can be picked entirely from bin 454 with pre-pick qty of 4.0
2025-05-28 16:14:57,463 - streamlit_logger_20250528_161457 - INFO - sku AL3Z6038D had 0 bins above in the stack. It will now be popped to the top of the stack
2025-05-28 16:14:57,463 - streamlit_logger_20250528_161457 - DEBUG - sku AL3Z6038D successfully picked and has units remaining in prio bin
2025-05-28 16:14:57,464 - streamlit_logger_20250528_161457 - DEBUG - check refill called
2025-05-28 16:14:57,464 - streamlit_logger_20250528_161457 - DEBUG - Processing order 35/104: SKU=FT4Z5826800B, Qty=1
2025-05-28 16:14:57,467 - streamlit_logger_20250528_161457 - INFO - sku FT4Z5826800B in bin 1240 qty in bin 14.0
2025-05-28 16:14:57,467 - streamlit_logger_20250528_161457 - INFO - 1 units of sku FT4Z5826800B can be picked entirely from bin 1240 with pre-pick qty of 14.0
2025-05-28 16:14:57,468 - streamlit_logger_20250528_161457 - INFO - sku FT4Z5826800B had 7 bins above in the stack. It will now be popped to the top of the stack
2025-05-28 16:14:57,469 - streamlit_logger_20250528_161457 - DEBUG - sku FT4Z5826800B successfully picked and has units remaining in prio bin
2025-05-28 16:14:57,469 - streamlit_logger_20250528_161457 - DEBUG - check refill called
2025-05-28 16:14:57,470 - streamlit_logger_20250528_161457 - DEBUG - Processing order 36/104: SKU=DT1Z17K922AA, Qty=1
2025-05-28 16:14:57,470 - streamlit_logger_20250528_161457 - INFO - SKU DT1Z17K922AA was not in given sku data
2025-05-28 16:14:57,471 - streamlit_logger_20250528_161457 - DEBUG - Processing order 37/104: SKU=FL3Z2282D, Qty=1
2025-05-28 16:14:57,473 - streamlit_logger_20250528_161457 - INFO - sku FL3Z2282D in bin 1137 qty in bin 16.0
2025-05-28 16:14:57,473 - streamlit_logger_20250528_161457 - INFO - 1 units of sku FL3Z2282D can be picked entirely from bin 1137 with pre-pick qty of 16.0
2025-05-28 16:14:57,475 - streamlit_logger_20250528_161457 - INFO - sku FL3Z2282D had 13 bins above in the stack. It will now be popped to the top of the stack
2025-05-28 16:14:57,476 - streamlit_logger_20250528_161457 - DEBUG - sku FL3Z2282D successfully picked and has units remaining in prio bin
2025-05-28 16:14:57,476 - streamlit_logger_20250528_161457 - DEBUG - check refill called
2025-05-28 16:14:57,477 - streamlit_logger_20250528_161457 - DEBUG - Processing order 38/104: SKU=BK3Z8597B, Qty=1
2025-05-28 16:14:57,478 - streamlit_logger_20250528_161457 - INFO - SKU BK3Z8597B was not in given sku data
2025-05-28 16:14:57,478 - streamlit_logger_20250528_161457 - DEBUG - Processing order 39/104: SKU=BV6Z3511B, Qty=1
2025-05-28 16:14:57,478 - streamlit_logger_20250528_161457 - INFO - SKU BV6Z3511B was not in given sku data
2025-05-28 16:14:57,479 - streamlit_logger_20250528_161457 - DEBUG - Processing order 40/104: SKU=M1PZ19G490C, Qty=6
2025-05-28 16:14:57,481 - streamlit_logger_20250528_161457 - INFO - sku M1PZ19G490C in bin 1976 qty in bin 9.0
2025-05-28 16:14:57,482 - streamlit_logger_20250528_161457 - INFO - 6 units of sku M1PZ19G490C can be picked entirely from bin 1976 with pre-pick qty of 9.0
2025-05-28 16:14:57,483 - streamlit_logger_20250528_161457 - INFO - sku M1PZ19G490C had 0 bins above in the stack. It will now be popped to the top of the stack
2025-05-28 16:14:57,483 - streamlit_logger_20250528_161457 - DEBUG - sku M1PZ19G490C successfully picked and has units remaining in prio bin
2025-05-28 16:14:57,484 - streamlit_logger_20250528_161457 - DEBUG - check refill called
2025-05-28 16:14:57,484 - streamlit_logger_20250528_161457 - DEBUG - Processing order 41/104: SKU=BB3Z00814A, Qty=1
2025-05-28 16:14:57,487 - streamlit_logger_20250528_161457 - INFO - sku BB3Z00814A in bin 3763 qty in bin 1.0
2025-05-28 16:14:57,487 - streamlit_logger_20250528_161457 - INFO - 1 units of sku BB3Z00814A can be picked entirely from bin 3763 with pre-pick qty of 1.0
2025-05-28 16:14:57,489 - streamlit_logger_20250528_161457 - INFO - sku BB3Z00814A had 15 bins above in the stack. It will now be popped to the top of the stack
2025-05-28 16:14:57,489 - streamlit_logger_20250528_161457 - INFO -  sku BB3Z00814A picked all items in compartment 1 of bin 3763. Now it will be marked empty.
2025-05-28 16:14:57,490 - streamlit_logger_20250528_161457 - DEBUG - confirmed - qty in bin is 0.0
2025-05-28 16:14:57,490 - streamlit_logger_20250528_161457 - INFO - success marking bin 3763 compartment 1 as empty
2025-05-28 16:14:57,491 - streamlit_logger_20250528_161457 - ERROR - No bins found containing BB3Z00814A
2025-05-28 16:14:57,492 - streamlit_logger_20250528_161457 - ERROR - No priority 1 bin for sku BB3Z00814A
2025-05-28 16:14:57,493 - streamlit_logger_20250528_161457 - DEBUG - check refill called
2025-05-28 16:14:57,494 - streamlit_logger_20250528_161457 - DEBUG - Processing order 42/104: SKU=8A1Z16720C, Qty=1
2025-05-28 16:14:57,498 - streamlit_logger_20250528_161457 - INFO - sku 8A1Z16720C in bin 3672 qty in bin 1.0
2025-05-28 16:14:57,498 - streamlit_logger_20250528_161457 - INFO - 1 units of sku 8A1Z16720C can be picked entirely from bin 3672 with pre-pick qty of 1.0
2025-05-28 16:14:57,500 - streamlit_logger_20250528_161457 - INFO - sku 8A1Z16720C had 6 bins above in the stack. It will now be popped to the top of the stack
2025-05-28 16:14:57,500 - streamlit_logger_20250528_161457 - INFO -  sku 8A1Z16720C picked all items in compartment 7 of bin 3672. Now it will be marked empty.
2025-05-28 16:14:57,501 - streamlit_logger_20250528_161457 - DEBUG - confirmed - qty in bin is 0.0
2025-05-28 16:14:57,502 - streamlit_logger_20250528_161457 - INFO - success marking bin 3672 compartment 7 as empty
2025-05-28 16:14:57,503 - streamlit_logger_20250528_161457 - ERROR - No bins found containing 8A1Z16720C
2025-05-28 16:14:57,504 - streamlit_logger_20250528_161457 - ERROR - No priority 1 bin for sku 8A1Z16720C
2025-05-28 16:14:57,505 - streamlit_logger_20250528_161457 - DEBUG - check refill called
2025-05-28 16:14:57,506 - streamlit_logger_20250528_161457 - DEBUG - Processing order 43/104: SKU=FL1Z78001A08A, Qty=1
2025-05-28 16:14:57,507 - streamlit_logger_20250528_161457 - INFO - SKU FL1Z78001A08A was not in given sku data
2025-05-28 16:14:57,507 - streamlit_logger_20250528_161457 - DEBUG - Processing order 44/104: SKU=EK4Z6127204A, Qty=1
2025-05-28 16:14:57,507 - streamlit_logger_20250528_161457 - INFO - SKU EK4Z6127204A was not in given sku data
2025-05-28 16:14:57,507 - streamlit_logger_20250528_161457 - DEBUG - Processing order 45/104: SKU=BE8Z13N021A, Qty=1
2025-05-28 16:14:57,508 - streamlit_logger_20250528_161457 - INFO - SKU BE8Z13N021A was not in given sku data
2025-05-28 16:14:57,508 - streamlit_logger_20250528_161457 - DEBUG - Processing order 46/104: SKU=8C3Z6758A, Qty=1
2025-05-28 16:14:57,511 - streamlit_logger_20250528_161457 - INFO - sku 8C3Z6758A in bin 281 qty in bin 8.0
2025-05-28 16:14:57,511 - streamlit_logger_20250528_161457 - INFO - 1 units of sku 8C3Z6758A can be picked entirely from bin 281 with pre-pick qty of 8.0
2025-05-28 16:14:57,512 - streamlit_logger_20250528_161457 - INFO - sku 8C3Z6758A had 15 bins above in the stack. It will now be popped to the top of the stack
2025-05-28 16:14:57,512 - streamlit_logger_20250528_161457 - DEBUG - sku 8C3Z6758A successfully picked and has units remaining in prio bin
2025-05-28 16:14:57,513 - streamlit_logger_20250528_161457 - DEBUG - check refill called
2025-05-28 16:14:57,514 - streamlit_logger_20250528_161457 - DEBUG - Processing order 47/104: SKU=LJ6Z78239A01AD, Qty=1
2025-05-28 16:14:57,517 - streamlit_logger_20250528_161457 - INFO - sku LJ6Z78239A01AD in bin 4217 qty in bin 1.0
2025-05-28 16:14:57,517 - streamlit_logger_20250528_161457 - INFO - 1 units of sku LJ6Z78239A01AD can be picked entirely from bin 4217 with pre-pick qty of 1.0
2025-05-28 16:14:57,518 - streamlit_logger_20250528_161457 - INFO - sku LJ6Z78239A01AD had 10 bins above in the stack. It will now be popped to the top of the stack
2025-05-28 16:14:57,519 - streamlit_logger_20250528_161457 - INFO -  sku LJ6Z78239A01AD picked all items in compartment 4 of bin 4217. Now it will be marked empty.
2025-05-28 16:14:57,520 - streamlit_logger_20250528_161457 - DEBUG - confirmed - qty in bin is 0.0
2025-05-28 16:14:57,520 - streamlit_logger_20250528_161457 - INFO - success marking bin 4217 compartment 4 as empty
2025-05-28 16:14:57,521 - streamlit_logger_20250528_161457 - ERROR - No bins found containing LJ6Z78239A01AD
2025-05-28 16:14:57,522 - streamlit_logger_20250528_161457 - ERROR - No priority 1 bin for sku LJ6Z78239A01AD
2025-05-28 16:14:57,523 - streamlit_logger_20250528_161457 - DEBUG - check refill called
2025-05-28 16:14:57,524 - streamlit_logger_20250528_161457 - DEBUG - Processing order 48/104: SKU=AE8Z7233A, Qty=1
2025-05-28 16:14:57,527 - streamlit_logger_20250528_161457 - INFO - sku AE8Z7233A in bin 3734 qty in bin 1.0
2025-05-28 16:14:57,527 - streamlit_logger_20250528_161457 - INFO - 1 units of sku AE8Z7233A can be picked entirely from bin 3734 with pre-pick qty of 1.0
2025-05-28 16:14:57,529 - streamlit_logger_20250528_161457 - INFO - sku AE8Z7233A had 0 bins above in the stack. It will now be popped to the top of the stack
2025-05-28 16:14:57,529 - streamlit_logger_20250528_161457 - INFO -  sku AE8Z7233A picked all items in compartment 6 of bin 3734. Now it will be marked empty.
2025-05-28 16:14:57,530 - streamlit_logger_20250528_161457 - DEBUG - confirmed - qty in bin is 0.0
2025-05-28 16:14:57,531 - streamlit_logger_20250528_161457 - INFO - success marking bin 3734 compartment 6 as empty
2025-05-28 16:14:57,532 - streamlit_logger_20250528_161457 - ERROR - No bins found containing AE8Z7233A
2025-05-28 16:14:57,533 - streamlit_logger_20250528_161457 - ERROR - No priority 1 bin for sku AE8Z7233A
2025-05-28 16:14:57,535 - streamlit_logger_20250528_161457 - DEBUG - check refill called
2025-05-28 16:14:57,535 - streamlit_logger_20250528_161457 - DEBUG - Processing order 49/104: SKU=FL3Z7H150A, Qty=1
2025-05-28 16:14:57,538 - streamlit_logger_20250528_161457 - INFO - sku FL3Z7H150A in bin 4043 qty in bin 1.0
2025-05-28 16:14:57,538 - streamlit_logger_20250528_161457 - INFO - 1 units of sku FL3Z7H150A can be picked entirely from bin 4043 with pre-pick qty of 1.0
2025-05-28 16:14:57,540 - streamlit_logger_20250528_161457 - INFO - sku FL3Z7H150A had 16 bins above in the stack. It will now be popped to the top of the stack
2025-05-28 16:14:57,540 - streamlit_logger_20250528_161457 - INFO -  sku FL3Z7H150A picked all items in compartment 7 of bin 4043. Now it will be marked empty.
2025-05-28 16:14:57,541 - streamlit_logger_20250528_161457 - DEBUG - confirmed - qty in bin is 0.0
2025-05-28 16:14:57,542 - streamlit_logger_20250528_161457 - INFO - success marking bin 4043 compartment 7 as empty
2025-05-28 16:14:57,542 - streamlit_logger_20250528_161457 - ERROR - No bins found containing FL3Z7H150A
2025-05-28 16:14:57,544 - streamlit_logger_20250528_161457 - ERROR - No priority 1 bin for sku FL3Z7H150A
2025-05-28 16:14:57,546 - streamlit_logger_20250528_161457 - DEBUG - check refill called
2025-05-28 16:14:57,547 - streamlit_logger_20250528_161457 - DEBUG - Processing order 50/104: SKU=9L3Z14A706EA, Qty=1
2025-05-28 16:14:57,547 - streamlit_logger_20250528_161457 - INFO - SKU 9L3Z14A706EA was not in given sku data
2025-05-28 16:14:57,548 - streamlit_logger_20250528_161457 - DEBUG - Processing order 51/104: SKU=9L3Z9G444B, Qty=1
2025-05-28 16:14:57,549 - streamlit_logger_20250528_161457 - INFO - SKU 9L3Z9G444B was not in given sku data
2025-05-28 16:14:57,549 - streamlit_logger_20250528_161457 - DEBUG - Processing order 52/104: SKU=7L1Z7A262A, Qty=1
2025-05-28 16:14:57,553 - streamlit_logger_20250528_161457 - INFO - sku 7L1Z7A262A in bin 3273 qty in bin 1.0
2025-05-28 16:14:57,553 - streamlit_logger_20250528_161457 - INFO - 1 units of sku 7L1Z7A262A can be picked entirely from bin 3273 with pre-pick qty of 1.0
2025-05-28 16:14:57,555 - streamlit_logger_20250528_161457 - INFO - sku 7L1Z7A262A had 3 bins above in the stack. It will now be popped to the top of the stack
2025-05-28 16:14:57,555 - streamlit_logger_20250528_161457 - INFO -  sku 7L1Z7A262A picked all items in compartment 2 of bin 3273. Now it will be marked empty.
2025-05-28 16:14:57,556 - streamlit_logger_20250528_161457 - DEBUG - confirmed - qty in bin is 0.0
2025-05-28 16:14:57,557 - streamlit_logger_20250528_161457 - INFO - success marking bin 3273 compartment 2 as empty
2025-05-28 16:14:57,558 - streamlit_logger_20250528_161457 - ERROR - No bins found containing 7L1Z7A262A
2025-05-28 16:14:57,559 - streamlit_logger_20250528_161457 - ERROR - No priority 1 bin for sku 7L1Z7A262A
2025-05-28 16:14:57,560 - streamlit_logger_20250528_161457 - DEBUG - check refill called
2025-05-28 16:14:57,561 - streamlit_logger_20250528_161457 - DEBUG - Processing order 53/104: SKU=H1BZ5826801A, Qty=1
2025-05-28 16:14:57,565 - streamlit_logger_20250528_161457 - INFO - sku H1BZ5826801A in bin 2833 qty in bin 1.0
2025-05-28 16:14:57,565 - streamlit_logger_20250528_161457 - INFO - 1 units of sku H1BZ5826801A can be picked entirely from bin 2833 with pre-pick qty of 1.0
2025-05-28 16:14:57,566 - streamlit_logger_20250528_161457 - INFO - sku H1BZ5826801A had 16 bins above in the stack. It will now be popped to the top of the stack
2025-05-28 16:14:57,567 - streamlit_logger_20250528_161457 - INFO -  sku H1BZ5826801A picked all items in compartment 1 of bin 2833. Now it will be marked empty.
2025-05-28 16:14:57,568 - streamlit_logger_20250528_161457 - DEBUG - confirmed - qty in bin is 0.0
2025-05-28 16:14:57,569 - streamlit_logger_20250528_161457 - INFO - success marking bin 2833 compartment 1 as empty
2025-05-28 16:14:57,570 - streamlit_logger_20250528_161457 - ERROR - No bins found containing H1BZ5826801A
2025-05-28 16:14:57,571 - streamlit_logger_20250528_161457 - ERROR - No priority 1 bin for sku H1BZ5826801A
2025-05-28 16:14:57,572 - streamlit_logger_20250528_161457 - DEBUG - check refill called
2025-05-28 16:14:57,573 - streamlit_logger_20250528_161457 - DEBUG - Processing order 54/104: SKU=6L2Z7H365AA, Qty=1
2025-05-28 16:14:57,576 - streamlit_logger_20250528_161457 - INFO - sku 6L2Z7H365AA in bin 3635 qty in bin 1.0
2025-05-28 16:14:57,576 - streamlit_logger_20250528_161457 - INFO - 1 units of sku 6L2Z7H365AA can be picked entirely from bin 3635 with pre-pick qty of 1.0
2025-05-28 16:14:57,578 - streamlit_logger_20250528_161457 - INFO - sku 6L2Z7H365AA had 1 bins above in the stack. It will now be popped to the top of the stack
2025-05-28 16:14:57,578 - streamlit_logger_20250528_161457 - INFO -  sku 6L2Z7H365AA picked all items in compartment 1 of bin 3635. Now it will be marked empty.
2025-05-28 16:14:57,579 - streamlit_logger_20250528_161457 - DEBUG - confirmed - qty in bin is 0.0
2025-05-28 16:14:57,580 - streamlit_logger_20250528_161457 - INFO - success marking bin 3635 compartment 1 as empty
2025-05-28 16:14:57,581 - streamlit_logger_20250528_161457 - ERROR - No bins found containing 6L2Z7H365AA
2025-05-28 16:14:57,583 - streamlit_logger_20250528_161457 - ERROR - No priority 1 bin for sku 6L2Z7H365AA
2025-05-28 16:14:57,585 - streamlit_logger_20250528_161457 - DEBUG - check refill called
2025-05-28 16:14:57,586 - streamlit_logger_20250528_161457 - DEBUG - Processing order 55/104: SKU=BK3Z9J280A, Qty=1
2025-05-28 16:14:57,589 - streamlit_logger_20250528_161457 - INFO - sku BK3Z9J280A in bin 2509 qty in bin 1.0
2025-05-28 16:14:57,589 - streamlit_logger_20250528_161457 - INFO - 1 units of sku BK3Z9J280A can be picked entirely from bin 2509 with pre-pick qty of 1.0
2025-05-28 16:14:57,591 - streamlit_logger_20250528_161457 - INFO - sku BK3Z9J280A had 3 bins above in the stack. It will now be popped to the top of the stack
2025-05-28 16:14:57,591 - streamlit_logger_20250528_161457 - INFO -  sku BK3Z9J280A picked all items in compartment 1 of bin 2509. Now it will be marked empty.
2025-05-28 16:14:57,592 - streamlit_logger_20250528_161457 - DEBUG - confirmed - qty in bin is 0.0
2025-05-28 16:14:57,592 - streamlit_logger_20250528_161457 - INFO - success marking bin 2509 compartment 1 as empty
2025-05-28 16:14:57,593 - streamlit_logger_20250528_161457 - ERROR - No bins found containing BK3Z9J280A
2025-05-28 16:14:57,594 - streamlit_logger_20250528_161457 - ERROR - No priority 1 bin for sku BK3Z9J280A
2025-05-28 16:14:57,595 - streamlit_logger_20250528_161457 - DEBUG - check refill called
2025-05-28 16:14:57,596 - streamlit_logger_20250528_161457 - DEBUG - Processing order 56/104: SKU=HU5Z14A411A, Qty=1
2025-05-28 16:14:57,599 - streamlit_logger_20250528_161457 - INFO - sku HU5Z14A411A in bin 2898 qty in bin 1.0
2025-05-28 16:14:57,599 - streamlit_logger_20250528_161457 - INFO - 1 units of sku HU5Z14A411A can be picked entirely from bin 2898 with pre-pick qty of 1.0
2025-05-28 16:14:57,601 - streamlit_logger_20250528_161457 - INFO - sku HU5Z14A411A had 14 bins above in the stack. It will now be popped to the top of the stack
2025-05-28 16:14:57,601 - streamlit_logger_20250528_161457 - INFO -  sku HU5Z14A411A picked all items in compartment 1 of bin 2898. Now it will be marked empty.
2025-05-28 16:14:57,602 - streamlit_logger_20250528_161457 - DEBUG - confirmed - qty in bin is 0.0
2025-05-28 16:14:57,603 - streamlit_logger_20250528_161457 - INFO - success marking bin 2898 compartment 1 as empty
2025-05-28 16:14:57,603 - streamlit_logger_20250528_161457 - ERROR - No bins found containing HU5Z14A411A
2025-05-28 16:14:57,605 - streamlit_logger_20250528_161457 - ERROR - No priority 1 bin for sku HU5Z14A411A
2025-05-28 16:14:57,606 - streamlit_logger_20250528_161457 - DEBUG - check refill called
2025-05-28 16:14:57,607 - streamlit_logger_20250528_161457 - DEBUG - Processing order 57/104: SKU=BC3Z6A251A, Qty=1
2025-05-28 16:14:57,608 - streamlit_logger_20250528_161457 - INFO - SKU BC3Z6A251A was not in given sku data
2025-05-28 16:14:57,609 - streamlit_logger_20250528_161457 - DEBUG - Processing order 58/104: SKU=ML3Z9D661A, Qty=1
2025-05-28 16:14:57,609 - streamlit_logger_20250528_161457 - INFO - SKU ML3Z9D661A was not in given sku data
2025-05-28 16:14:57,610 - streamlit_logger_20250528_161457 - DEBUG - Processing order 59/104: SKU=CU2Z14S411ASB, Qty=1
2025-05-28 16:14:57,610 - streamlit_logger_20250528_161457 - INFO - SKU CU2Z14S411ASB was not in given sku data
2025-05-28 16:14:57,610 - streamlit_logger_20250528_161457 - DEBUG - Processing order 60/104: SKU=JM5Z7G100B, Qty=1
2025-05-28 16:14:57,615 - streamlit_logger_20250528_161457 - INFO - sku JM5Z7G100B in bin 4145 qty in bin 1.0
2025-05-28 16:14:57,615 - streamlit_logger_20250528_161457 - INFO - 1 units of sku JM5Z7G100B can be picked entirely from bin 4145 with pre-pick qty of 1.0
2025-05-28 16:14:57,618 - streamlit_logger_20250528_161457 - INFO - sku JM5Z7G100B had 11 bins above in the stack. It will now be popped to the top of the stack
2025-05-28 16:14:57,618 - streamlit_logger_20250528_161457 - INFO -  sku JM5Z7G100B picked all items in compartment 7 of bin 4145. Now it will be marked empty.
2025-05-28 16:14:57,619 - streamlit_logger_20250528_161457 - DEBUG - confirmed - qty in bin is 0.0
2025-05-28 16:14:57,620 - streamlit_logger_20250528_161457 - INFO - success marking bin 4145 compartment 7 as empty
2025-05-28 16:14:57,620 - streamlit_logger_20250528_161457 - ERROR - No bins found containing JM5Z7G100B
2025-05-28 16:14:57,622 - streamlit_logger_20250528_161457 - ERROR - No priority 1 bin for sku JM5Z7G100B
2025-05-28 16:14:57,624 - streamlit_logger_20250528_161457 - DEBUG - check refill called
2025-05-28 16:14:57,625 - streamlit_logger_20250528_161457 - DEBUG - Processing order 61/104: SKU=7C3Z3F656C, Qty=1
2025-05-28 16:14:57,627 - streamlit_logger_20250528_161457 - INFO - sku 7C3Z3F656C in bin 3647 qty in bin 1.0
2025-05-28 16:14:57,628 - streamlit_logger_20250528_161457 - INFO - 1 units of sku 7C3Z3F656C can be picked entirely from bin 3647 with pre-pick qty of 1.0
2025-05-28 16:14:57,629 - streamlit_logger_20250528_161457 - INFO - sku 7C3Z3F656C had 16 bins above in the stack. It will now be popped to the top of the stack
2025-05-28 16:14:57,629 - streamlit_logger_20250528_161457 - INFO -  sku 7C3Z3F656C picked all items in compartment 1 of bin 3647. Now it will be marked empty.
2025-05-28 16:14:57,630 - streamlit_logger_20250528_161457 - DEBUG - confirmed - qty in bin is 0.0
2025-05-28 16:14:57,631 - streamlit_logger_20250528_161457 - INFO - success marking bin 3647 compartment 1 as empty
2025-05-28 16:14:57,631 - streamlit_logger_20250528_161457 - ERROR - No bins found containing 7C3Z3F656C
2025-05-28 16:14:57,633 - streamlit_logger_20250528_161457 - ERROR - No priority 1 bin for sku 7C3Z3F656C
2025-05-28 16:14:57,634 - streamlit_logger_20250528_161457 - DEBUG - check refill called
2025-05-28 16:14:57,635 - streamlit_logger_20250528_161457 - DEBUG - Processing order 62/104: SKU=LB5Z7850002C, Qty=1
2025-05-28 16:14:57,636 - streamlit_logger_20250528_161457 - INFO - SKU LB5Z7850002C was not in given sku data
2025-05-28 16:14:57,636 - streamlit_logger_20250528_161457 - DEBUG - Processing order 63/104: SKU=HL3Z7C096A, Qty=1
2025-05-28 16:14:57,640 - streamlit_logger_20250528_161457 - INFO - sku HL3Z7C096A in bin 4114 qty in bin 1.0
2025-05-28 16:14:57,640 - streamlit_logger_20250528_161457 - INFO - 1 units of sku HL3Z7C096A can be picked entirely from bin 4114 with pre-pick qty of 1.0
2025-05-28 16:14:57,642 - streamlit_logger_20250528_161457 - INFO - sku HL3Z7C096A had 13 bins above in the stack. It will now be popped to the top of the stack
2025-05-28 16:14:57,642 - streamlit_logger_20250528_161457 - INFO -  sku HL3Z7C096A picked all items in compartment 2 of bin 4114. Now it will be marked empty.
2025-05-28 16:14:57,643 - streamlit_logger_20250528_161457 - DEBUG - confirmed - qty in bin is 0.0
2025-05-28 16:14:57,644 - streamlit_logger_20250528_161457 - INFO - success marking bin 4114 compartment 2 as empty
2025-05-28 16:14:57,645 - streamlit_logger_20250528_161457 - ERROR - No bins found containing HL3Z7C096A
2025-05-28 16:14:57,646 - streamlit_logger_20250528_161457 - ERROR - No priority 1 bin for sku HL3Z7C096A
2025-05-28 16:14:57,647 - streamlit_logger_20250528_161457 - DEBUG - check refill called
2025-05-28 16:14:57,648 - streamlit_logger_20250528_161457 - DEBUG - Processing order 64/104: SKU=DS7Z8K556G, Qty=1
2025-05-28 16:14:57,651 - streamlit_logger_20250528_161457 - INFO - sku DS7Z8K556G in bin 877 qty in bin 17.0
2025-05-28 16:14:57,651 - streamlit_logger_20250528_161457 - INFO - 1 units of sku DS7Z8K556G can be picked entirely from bin 877 with pre-pick qty of 17.0
2025-05-28 16:14:57,652 - streamlit_logger_20250528_161457 - INFO - sku DS7Z8K556G had 4 bins above in the stack. It will now be popped to the top of the stack
2025-05-28 16:14:57,653 - streamlit_logger_20250528_161457 - DEBUG - sku DS7Z8K556G successfully picked and has units remaining in prio bin
2025-05-28 16:14:57,653 - streamlit_logger_20250528_161457 - DEBUG - check refill called
2025-05-28 16:14:57,654 - streamlit_logger_20250528_161457 - DEBUG - Processing order 65/104: SKU=M1PZ17603C, Qty=1
2025-05-28 16:14:57,657 - streamlit_logger_20250528_161457 - INFO - sku M1PZ17603C in bin 4239 qty in bin 1.0
2025-05-28 16:14:57,657 - streamlit_logger_20250528_161457 - INFO - 1 units of sku M1PZ17603C can be picked entirely from bin 4239 with pre-pick qty of 1.0
2025-05-28 16:14:57,659 - streamlit_logger_20250528_161457 - INFO - sku M1PZ17603C had 3 bins above in the stack. It will now be popped to the top of the stack
2025-05-28 16:14:57,659 - streamlit_logger_20250528_161457 - INFO -  sku M1PZ17603C picked all items in compartment 7 of bin 4239. Now it will be marked empty.
2025-05-28 16:14:57,660 - streamlit_logger_20250528_161457 - DEBUG - confirmed - qty in bin is 0.0
2025-05-28 16:14:57,661 - streamlit_logger_20250528_161457 - INFO - success marking bin 4239 compartment 7 as empty
2025-05-28 16:14:57,662 - streamlit_logger_20250528_161457 - ERROR - No bins found containing M1PZ17603C
2025-05-28 16:14:57,664 - streamlit_logger_20250528_161457 - ERROR - No priority 1 bin for sku M1PZ17603C
2025-05-28 16:14:57,665 - streamlit_logger_20250528_161457 - DEBUG - check refill called
2025-05-28 16:14:57,666 - streamlit_logger_20250528_161457 - DEBUG - Processing order 66/104: SKU=KA1Z16B990A, Qty=1
2025-05-28 16:14:57,667 - streamlit_logger_20250528_161457 - INFO - SKU KA1Z16B990A was not in given sku data
2025-05-28 16:14:57,667 - streamlit_logger_20250528_161457 - DEBUG - Processing order 67/104: SKU=CP9Z6268A, Qty=1
2025-05-28 16:14:57,668 - streamlit_logger_20250528_161457 - INFO - SKU CP9Z6268A was not in given sku data
2025-05-28 16:14:57,668 - streamlit_logger_20250528_161457 - DEBUG - Processing order 68/104: SKU=AE8Z17B749A, Qty=1
2025-05-28 16:14:57,669 - streamlit_logger_20250528_161457 - INFO - SKU AE8Z17B749A was not in given sku data
2025-05-28 16:14:57,669 - streamlit_logger_20250528_161457 - DEBUG - Processing order 69/104: SKU=9L1Z3F818A, Qty=1
2025-05-28 16:14:57,671 - streamlit_logger_20250528_161457 - INFO - sku 9L1Z3F818A in bin 3707 qty in bin 1.0
2025-05-28 16:14:57,672 - streamlit_logger_20250528_161457 - INFO - 1 units of sku 9L1Z3F818A can be picked entirely from bin 3707 with pre-pick qty of 1.0
2025-05-28 16:14:57,674 - streamlit_logger_20250528_161457 - INFO - sku 9L1Z3F818A had 4 bins above in the stack. It will now be popped to the top of the stack
2025-05-28 16:14:57,674 - streamlit_logger_20250528_161457 - INFO -  sku 9L1Z3F818A picked all items in compartment 4 of bin 3707. Now it will be marked empty.
2025-05-28 16:14:57,675 - streamlit_logger_20250528_161457 - DEBUG - confirmed - qty in bin is 0.0
2025-05-28 16:14:57,675 - streamlit_logger_20250528_161457 - INFO - success marking bin 3707 compartment 4 as empty
2025-05-28 16:14:57,676 - streamlit_logger_20250528_161457 - ERROR - No bins found containing 9L1Z3F818A
2025-05-28 16:14:57,677 - streamlit_logger_20250528_161457 - ERROR - No priority 1 bin for sku 9L1Z3F818A
2025-05-28 16:14:57,679 - streamlit_logger_20250528_161457 - DEBUG - check refill called
2025-05-28 16:14:57,680 - streamlit_logger_20250528_161457 - DEBUG - Processing order 70/104: SKU=DR3Z8C391B, Qty=1
2025-05-28 16:14:57,683 - streamlit_logger_20250528_161457 - INFO - sku DR3Z8C391B in bin 3900 qty in bin 1.0
2025-05-28 16:14:57,684 - streamlit_logger_20250528_161457 - INFO - 1 units of sku DR3Z8C391B can be picked entirely from bin 3900 with pre-pick qty of 1.0
2025-05-28 16:14:57,685 - streamlit_logger_20250528_161457 - INFO - sku DR3Z8C391B had 15 bins above in the stack. It will now be popped to the top of the stack
2025-05-28 16:14:57,685 - streamlit_logger_20250528_161457 - INFO -  sku DR3Z8C391B picked all items in compartment 4 of bin 3900. Now it will be marked empty.
2025-05-28 16:14:57,686 - streamlit_logger_20250528_161457 - DEBUG - confirmed - qty in bin is 0.0
2025-05-28 16:14:57,687 - streamlit_logger_20250528_161457 - INFO - success marking bin 3900 compartment 4 as empty
2025-05-28 16:14:57,688 - streamlit_logger_20250528_161457 - ERROR - No bins found containing DR3Z8C391B
2025-05-28 16:14:57,689 - streamlit_logger_20250528_161457 - ERROR - No priority 1 bin for sku DR3Z8C391B
2025-05-28 16:14:57,691 - streamlit_logger_20250528_161457 - DEBUG - check refill called
2025-05-28 16:14:57,692 - streamlit_logger_20250528_161457 - DEBUG - Processing order 71/104: SKU=9L3Z99404A42A, Qty=1
2025-05-28 16:14:57,694 - streamlit_logger_20250528_161457 - INFO - sku 9L3Z99404A42A in bin 3713 qty in bin 1.0
2025-05-28 16:14:57,695 - streamlit_logger_20250528_161457 - INFO - 1 units of sku 9L3Z99404A42A can be picked entirely from bin 3713 with pre-pick qty of 1.0
2025-05-28 16:14:57,696 - streamlit_logger_20250528_161457 - INFO - sku 9L3Z99404A42A had 14 bins above in the stack. It will now be popped to the top of the stack
2025-05-28 16:14:57,696 - streamlit_logger_20250528_161457 - INFO -  sku 9L3Z99404A42A picked all items in compartment 6 of bin 3713. Now it will be marked empty.
2025-05-28 16:14:57,697 - streamlit_logger_20250528_161457 - DEBUG - confirmed - qty in bin is 0.0
2025-05-28 16:14:57,698 - streamlit_logger_20250528_161457 - INFO - success marking bin 3713 compartment 6 as empty
2025-05-28 16:14:57,698 - streamlit_logger_20250528_161457 - ERROR - No bins found containing 9L3Z99404A42A
2025-05-28 16:14:57,700 - streamlit_logger_20250528_161457 - ERROR - No priority 1 bin for sku 9L3Z99404A42A
2025-05-28 16:14:57,701 - streamlit_logger_20250528_161457 - DEBUG - check refill called
2025-05-28 16:14:57,702 - streamlit_logger_20250528_161457 - DEBUG - Processing order 72/104: SKU=JL1Z7860044AK, Qty=1
2025-05-28 16:14:57,702 - streamlit_logger_20250528_161457 - INFO - SKU JL1Z7860044AK was not in given sku data
2025-05-28 16:14:57,703 - streamlit_logger_20250528_161457 - DEBUG - Processing order 73/104: SKU=AL3Z15442A, Qty=1
2025-05-28 16:14:57,706 - streamlit_logger_20250528_161457 - INFO - sku AL3Z15442A in bin 3307 qty in bin 1.0
2025-05-28 16:14:57,706 - streamlit_logger_20250528_161457 - INFO - 1 units of sku AL3Z15442A can be picked entirely from bin 3307 with pre-pick qty of 1.0
2025-05-28 16:14:57,707 - streamlit_logger_20250528_161457 - INFO - sku AL3Z15442A had 5 bins above in the stack. It will now be popped to the top of the stack
2025-05-28 16:14:57,708 - streamlit_logger_20250528_161457 - INFO -  sku AL3Z15442A picked all items in compartment 4 of bin 3307. Now it will be marked empty.
2025-05-28 16:14:57,709 - streamlit_logger_20250528_161457 - DEBUG - confirmed - qty in bin is 0.0
2025-05-28 16:14:57,709 - streamlit_logger_20250528_161457 - INFO - success marking bin 3307 compartment 4 as empty
2025-05-28 16:14:57,710 - streamlit_logger_20250528_161457 - ERROR - No bins found containing AL3Z15442A
2025-05-28 16:14:57,711 - streamlit_logger_20250528_161457 - ERROR - No priority 1 bin for sku AL3Z15442A
2025-05-28 16:14:57,712 - streamlit_logger_20250528_161457 - DEBUG - check refill called
2025-05-28 16:14:57,713 - streamlit_logger_20250528_161457 - DEBUG - Processing order 74/104: SKU=H6BZ5822800A, Qty=1
2025-05-28 16:14:57,716 - streamlit_logger_20250528_161457 - INFO - sku H6BZ5822800A in bin 2835 qty in bin 1.0
2025-05-28 16:14:57,716 - streamlit_logger_20250528_161457 - INFO - 1 units of sku H6BZ5822800A can be picked entirely from bin 2835 with pre-pick qty of 1.0
2025-05-28 16:14:57,718 - streamlit_logger_20250528_161457 - INFO - sku H6BZ5822800A had 1 bins above in the stack. It will now be popped to the top of the stack
2025-05-28 16:14:57,718 - streamlit_logger_20250528_161457 - INFO -  sku H6BZ5822800A picked all items in compartment 1 of bin 2835. Now it will be marked empty.
2025-05-28 16:14:57,719 - streamlit_logger_20250528_161457 - DEBUG - confirmed - qty in bin is 0.0
2025-05-28 16:14:57,719 - streamlit_logger_20250528_161457 - INFO - success marking bin 2835 compartment 1 as empty
2025-05-28 16:14:57,720 - streamlit_logger_20250528_161457 - ERROR - No bins found containing H6BZ5822800A
2025-05-28 16:14:57,721 - streamlit_logger_20250528_161457 - ERROR - No priority 1 bin for sku H6BZ5822800A
2025-05-28 16:14:57,722 - streamlit_logger_20250528_161457 - DEBUG - check refill called
2025-05-28 16:14:57,723 - streamlit_logger_20250528_161457 - DEBUG - Processing order 75/104: SKU=BK2Z14A099H, Qty=1
2025-05-28 16:14:57,725 - streamlit_logger_20250528_161457 - INFO - sku BK2Z14A099H in bin 3789 qty in bin 1.0
2025-05-28 16:14:57,725 - streamlit_logger_20250528_161457 - INFO - 1 units of sku BK2Z14A099H can be picked entirely from bin 3789 with pre-pick qty of 1.0
2025-05-28 16:14:57,727 - streamlit_logger_20250528_161457 - INFO - sku BK2Z14A099H had 3 bins above in the stack. It will now be popped to the top of the stack
2025-05-28 16:14:57,727 - streamlit_logger_20250528_161457 - INFO -  sku BK2Z14A099H picked all items in compartment 7 of bin 3789. Now it will be marked empty.
2025-05-28 16:14:57,728 - streamlit_logger_20250528_161457 - DEBUG - confirmed - qty in bin is 0.0
2025-05-28 16:14:57,729 - streamlit_logger_20250528_161457 - INFO - success marking bin 3789 compartment 7 as empty
2025-05-28 16:14:57,730 - streamlit_logger_20250528_161457 - ERROR - No bins found containing BK2Z14A099H
2025-05-28 16:14:57,731 - streamlit_logger_20250528_161457 - ERROR - No priority 1 bin for sku BK2Z14A099H
2025-05-28 16:14:57,733 - streamlit_logger_20250528_161457 - DEBUG - check refill called
2025-05-28 16:14:57,733 - streamlit_logger_20250528_161457 - DEBUG - Processing order 76/104: SKU=HC3Z15702A, Qty=1
2025-05-28 16:14:57,734 - streamlit_logger_20250528_161457 - INFO - SKU HC3Z15702A was not in given sku data
2025-05-28 16:14:57,734 - streamlit_logger_20250528_161457 - DEBUG - Processing order 77/104: SKU=BC3Z14B321M, Qty=1
2025-05-28 16:14:57,735 - streamlit_logger_20250528_161457 - INFO - SKU BC3Z14B321M was not in given sku data
2025-05-28 16:14:57,735 - streamlit_logger_20250528_161457 - DEBUG - Processing order 78/104: SKU=DG9Z6A051A, Qty=1
2025-05-28 16:14:57,735 - streamlit_logger_20250528_161457 - INFO - SKU DG9Z6A051A was not in given sku data
2025-05-28 16:14:57,736 - streamlit_logger_20250528_161457 - DEBUG - Processing order 79/104: SKU=JX7Z14F680D, Qty=1
2025-05-28 16:14:57,737 - streamlit_logger_20250528_161457 - INFO - SKU JX7Z14F680D was in given data, but does not fit in the AS
2025-05-28 16:14:57,737 - streamlit_logger_20250528_161457 - DEBUG - Processing order 80/104: SKU=JL1Z5493A, Qty=1
2025-05-28 16:14:57,740 - streamlit_logger_20250528_161457 - INFO - sku JL1Z5493A in bin 3451 qty in bin 1.0
2025-05-28 16:14:57,740 - streamlit_logger_20250528_161457 - INFO - 1 units of sku JL1Z5493A can be picked entirely from bin 3451 with pre-pick qty of 1.0
2025-05-28 16:14:57,742 - streamlit_logger_20250528_161457 - INFO - sku JL1Z5493A had 3 bins above in the stack. It will now be popped to the top of the stack
2025-05-28 16:14:57,742 - streamlit_logger_20250528_161457 - INFO -  sku JL1Z5493A picked all items in compartment 2 of bin 3451. Now it will be marked empty.
2025-05-28 16:14:57,743 - streamlit_logger_20250528_161457 - DEBUG - confirmed - qty in bin is 0.0
2025-05-28 16:14:57,744 - streamlit_logger_20250528_161457 - INFO - success marking bin 3451 compartment 2 as empty
2025-05-28 16:14:57,744 - streamlit_logger_20250528_161457 - ERROR - No bins found containing JL1Z5493A
2025-05-28 16:14:57,746 - streamlit_logger_20250528_161457 - ERROR - No priority 1 bin for sku JL1Z5493A
2025-05-28 16:14:57,747 - streamlit_logger_20250528_161457 - DEBUG - check refill called
2025-05-28 16:14:57,748 - streamlit_logger_20250528_161457 - DEBUG - Processing order 81/104: SKU=BM5Z16055A, Qty=1
2025-05-28 16:14:57,748 - streamlit_logger_20250528_161457 - INFO - SKU BM5Z16055A was not in given sku data
2025-05-28 16:14:57,748 - streamlit_logger_20250528_161457 - DEBUG - Processing order 82/104: SKU=DT1Z8310C, Qty=1
2025-05-28 16:14:57,751 - streamlit_logger_20250528_161457 - INFO - sku DT1Z8310C in bin 2637 qty in bin 1.0
2025-05-28 16:14:57,751 - streamlit_logger_20250528_161457 - INFO - 1 units of sku DT1Z8310C can be picked entirely from bin 2637 with pre-pick qty of 1.0
2025-05-28 16:14:57,753 - streamlit_logger_20250528_161457 - INFO - sku DT1Z8310C had 8 bins above in the stack. It will now be popped to the top of the stack
2025-05-28 16:14:57,753 - streamlit_logger_20250528_161457 - INFO -  sku DT1Z8310C picked all items in compartment 2 of bin 2637. Now it will be marked empty.
2025-05-28 16:14:57,754 - streamlit_logger_20250528_161457 - DEBUG - confirmed - qty in bin is 0.0
2025-05-28 16:14:57,754 - streamlit_logger_20250528_161457 - INFO - success marking bin 2637 compartment 2 as empty
2025-05-28 16:14:57,755 - streamlit_logger_20250528_161457 - ERROR - No bins found containing DT1Z8310C
2025-05-28 16:14:57,756 - streamlit_logger_20250528_161457 - ERROR - No priority 1 bin for sku DT1Z8310C
2025-05-28 16:14:57,757 - streamlit_logger_20250528_161457 - DEBUG - check refill called
2025-05-28 16:14:57,758 - streamlit_logger_20250528_161457 - DEBUG - Processing order 83/104: SKU=7C3Z3691C, Qty=1
2025-05-28 16:14:57,758 - streamlit_logger_20250528_161457 - INFO - SKU 7C3Z3691C was not in given sku data
2025-05-28 16:14:57,759 - streamlit_logger_20250528_161457 - DEBUG - Processing order 84/104: SKU=BC3Z7G383K, Qty=1
2025-05-28 16:14:57,759 - streamlit_logger_20250528_161457 - INFO - SKU BC3Z7G383K was not in given sku data
2025-05-28 16:14:57,759 - streamlit_logger_20250528_161457 - DEBUG - Processing order 85/104: SKU=ML3Z19A487AA, Qty=1
2025-05-28 16:14:57,760 - streamlit_logger_20250528_161457 - INFO - SKU ML3Z19A487AA was not in given sku data
2025-05-28 16:14:57,760 - streamlit_logger_20250528_161457 - DEBUG - Processing order 86/104: SKU=EB3Z2C150C, Qty=1
2025-05-28 16:14:57,763 - streamlit_logger_20250528_161457 - INFO - sku EB3Z2C150C in bin 3935 qty in bin 1.0
2025-05-28 16:14:57,763 - streamlit_logger_20250528_161457 - INFO - 1 units of sku EB3Z2C150C can be picked entirely from bin 3935 with pre-pick qty of 1.0
2025-05-28 16:14:57,765 - streamlit_logger_20250528_161457 - INFO - sku EB3Z2C150C had 7 bins above in the stack. It will now be popped to the top of the stack
2025-05-28 16:14:57,765 - streamlit_logger_20250528_161457 - INFO -  sku EB3Z2C150C picked all items in compartment 6 of bin 3935. Now it will be marked empty.
2025-05-28 16:14:57,767 - streamlit_logger_20250528_161457 - DEBUG - confirmed - qty in bin is 0.0
2025-05-28 16:14:57,767 - streamlit_logger_20250528_161457 - INFO - success marking bin 3935 compartment 6 as empty
2025-05-28 16:14:57,768 - streamlit_logger_20250528_161457 - ERROR - No bins found containing EB3Z2C150C
2025-05-28 16:14:57,769 - streamlit_logger_20250528_161457 - ERROR - No priority 1 bin for sku EB3Z2C150C
2025-05-28 16:14:57,771 - streamlit_logger_20250528_161457 - DEBUG - check refill called
2025-05-28 16:14:57,771 - streamlit_logger_20250528_161457 - DEBUG - Processing order 87/104: SKU=F2GZ9J280B, Qty=1
2025-05-28 16:14:57,774 - streamlit_logger_20250528_161457 - INFO - sku F2GZ9J280B in bin 2679 qty in bin 1.0
2025-05-28 16:14:57,774 - streamlit_logger_20250528_161457 - INFO - 1 units of sku F2GZ9J280B can be picked entirely from bin 2679 with pre-pick qty of 1.0
2025-05-28 16:14:57,776 - streamlit_logger_20250528_161457 - INFO - sku F2GZ9J280B had 14 bins above in the stack. It will now be popped to the top of the stack
2025-05-28 16:14:57,776 - streamlit_logger_20250528_161457 - INFO -  sku F2GZ9J280B picked all items in compartment 2 of bin 2679. Now it will be marked empty.
2025-05-28 16:14:57,777 - streamlit_logger_20250528_161457 - DEBUG - confirmed - qty in bin is 0.0
2025-05-28 16:14:57,778 - streamlit_logger_20250528_161457 - INFO - success marking bin 2679 compartment 2 as empty
2025-05-28 16:14:57,779 - streamlit_logger_20250528_161457 - ERROR - No bins found containing F2GZ9J280B
2025-05-28 16:14:57,780 - streamlit_logger_20250528_161457 - ERROR - No priority 1 bin for sku F2GZ9J280B
2025-05-28 16:14:57,782 - streamlit_logger_20250528_161457 - DEBUG - check refill called
2025-05-28 16:14:57,783 - streamlit_logger_20250528_161457 - DEBUG - Processing order 88/104: SKU=LC5Z8C324A, Qty=1
2025-05-28 16:14:57,786 - streamlit_logger_20250528_161457 - INFO - sku LC5Z8C324A in bin 4213 qty in bin 1.0
2025-05-28 16:14:57,786 - streamlit_logger_20250528_161457 - INFO - 1 units of sku LC5Z8C324A can be picked entirely from bin 4213 with pre-pick qty of 1.0
2025-05-28 16:14:57,788 - streamlit_logger_20250528_161457 - INFO - sku LC5Z8C324A had 5 bins above in the stack. It will now be popped to the top of the stack
2025-05-28 16:14:57,788 - streamlit_logger_20250528_161457 - INFO -  sku LC5Z8C324A picked all items in compartment 8 of bin 4213. Now it will be marked empty.
2025-05-28 16:14:57,790 - streamlit_logger_20250528_161457 - DEBUG - confirmed - qty in bin is 0.0
2025-05-28 16:14:57,791 - streamlit_logger_20250528_161457 - INFO - success marking bin 4213 compartment 8 as empty
2025-05-28 16:14:57,791 - streamlit_logger_20250528_161457 - ERROR - No bins found containing LC5Z8C324A
2025-05-28 16:14:57,793 - streamlit_logger_20250528_161457 - ERROR - No priority 1 bin for sku LC5Z8C324A
2025-05-28 16:14:57,794 - streamlit_logger_20250528_161457 - DEBUG - check refill called
2025-05-28 16:14:57,795 - streamlit_logger_20250528_161457 - DEBUG - Processing order 89/104: SKU=4L8Z6750AA, Qty=1
2025-05-28 16:14:57,796 - streamlit_logger_20250528_161457 - INFO - SKU 4L8Z6750AA was in given data, but does not fit in the AS
2025-05-28 16:14:57,797 - streamlit_logger_20250528_161457 - DEBUG - Processing order 90/104: SKU=5W7Z16700A, Qty=1
2025-05-28 16:14:57,797 - streamlit_logger_20250528_161457 - INFO - SKU 5W7Z16700A was not in given sku data
2025-05-28 16:14:57,798 - streamlit_logger_20250528_161457 - DEBUG - Processing order 91/104: SKU=LK4Z18495D, Qty=1
2025-05-28 16:14:57,799 - streamlit_logger_20250528_161457 - INFO - SKU LK4Z18495D was not in given sku data
2025-05-28 16:14:57,799 - streamlit_logger_20250528_161457 - DEBUG - Processing order 92/104: SKU=M1PZ78018A17A, Qty=1
2025-05-28 16:14:57,800 - streamlit_logger_20250528_161457 - INFO - SKU M1PZ78018A17A was not in given sku data
2025-05-28 16:14:57,801 - streamlit_logger_20250528_161457 - DEBUG - Processing order 93/104: SKU=ML3Z1625861C, Qty=1
2025-05-28 16:14:57,802 - streamlit_logger_20250528_161457 - INFO - SKU ML3Z1625861C was not in given sku data
2025-05-28 16:14:57,802 - streamlit_logger_20250528_161457 - DEBUG - Processing order 94/104: SKU=KT4Z16C826A, Qty=1
2025-05-28 16:14:57,804 - streamlit_logger_20250528_161457 - INFO - SKU KT4Z16C826A was in given data, but does not fit in the AS
2025-05-28 16:14:57,804 - streamlit_logger_20250528_161457 - DEBUG - Processing order 95/104: SKU=LK4Z16A238A, Qty=1
2025-05-28 16:14:57,805 - streamlit_logger_20250528_161457 - INFO - SKU LK4Z16A238A was not in given sku data
2025-05-28 16:14:57,805 - streamlit_logger_20250528_161457 - DEBUG - Processing order 96/104: SKU=LC3Z1660044AB, Qty=1
2025-05-28 16:14:57,806 - streamlit_logger_20250528_161457 - INFO - SKU LC3Z1660044AB was not in given sku data
2025-05-28 16:14:57,806 - streamlit_logger_20250528_161457 - DEBUG - Processing order 97/104: SKU=HC3Z8075E, Qty=1
2025-05-28 16:14:57,809 - streamlit_logger_20250528_161457 - INFO - sku HC3Z8075E in bin 4102 qty in bin 1.0
2025-05-28 16:14:57,809 - streamlit_logger_20250528_161457 - INFO - 1 units of sku HC3Z8075E can be picked entirely from bin 4102 with pre-pick qty of 1.0
2025-05-28 16:14:57,811 - streamlit_logger_20250528_161457 - INFO - sku HC3Z8075E had 15 bins above in the stack. It will now be popped to the top of the stack
2025-05-28 16:14:57,811 - streamlit_logger_20250528_161457 - INFO -  sku HC3Z8075E picked all items in compartment 6 of bin 4102. Now it will be marked empty.
2025-05-28 16:14:57,812 - streamlit_logger_20250528_161457 - DEBUG - confirmed - qty in bin is 0.0
2025-05-28 16:14:57,812 - streamlit_logger_20250528_161457 - INFO - success marking bin 4102 compartment 6 as empty
2025-05-28 16:14:57,813 - streamlit_logger_20250528_161457 - ERROR - No bins found containing HC3Z8075E
2025-05-28 16:14:57,815 - streamlit_logger_20250528_161457 - ERROR - No priority 1 bin for sku HC3Z8075E
2025-05-28 16:14:57,816 - streamlit_logger_20250528_161457 - DEBUG - check refill called
2025-05-28 16:14:57,817 - streamlit_logger_20250528_161457 - DEBUG - Processing order 98/104: SKU=LJ6Z16E132A, Qty=1
2025-05-28 16:14:57,818 - streamlit_logger_20250528_161457 - INFO - SKU LJ6Z16E132A was not in given sku data
2025-05-28 16:14:57,818 - streamlit_logger_20250528_161457 - DEBUG - Processing order 99/104: SKU=KL3Z17D550CB, Qty=1
2025-05-28 16:14:57,821 - streamlit_logger_20250528_161457 - INFO - sku KL3Z17D550CB in bin 3472 qty in bin 1.0
2025-05-28 16:14:57,822 - streamlit_logger_20250528_161457 - INFO - 1 units of sku KL3Z17D550CB can be picked entirely from bin 3472 with pre-pick qty of 1.0
2025-05-28 16:14:57,823 - streamlit_logger_20250528_161457 - INFO - sku KL3Z17D550CB had 11 bins above in the stack. It will now be popped to the top of the stack
2025-05-28 16:14:57,823 - streamlit_logger_20250528_161457 - INFO -  sku KL3Z17D550CB picked all items in compartment 1 of bin 3472. Now it will be marked empty.
2025-05-28 16:14:57,824 - streamlit_logger_20250528_161457 - DEBUG - confirmed - qty in bin is 0.0
2025-05-28 16:14:57,824 - streamlit_logger_20250528_161457 - INFO - success marking bin 3472 compartment 1 as empty
2025-05-28 16:14:57,825 - streamlit_logger_20250528_161457 - ERROR - No bins found containing KL3Z17D550CB
2025-05-28 16:14:57,826 - streamlit_logger_20250528_161457 - ERROR - No priority 1 bin for sku KL3Z17D550CB
2025-05-28 16:14:57,828 - streamlit_logger_20250528_161457 - DEBUG - check refill called
2025-05-28 16:14:57,829 - streamlit_logger_20250528_161457 - DEBUG - Processing order 100/104: SKU=F7UZ4067AA, Qty=1
2025-05-28 16:14:57,829 - streamlit_logger_20250528_161457 - INFO - SKU F7UZ4067AA was not in given sku data
2025-05-28 16:14:57,829 - streamlit_logger_20250528_161457 - DEBUG - Processing order 101/104: SKU=FD8Z7G383C, Qty=1
2025-05-28 16:14:57,833 - streamlit_logger_20250528_161457 - INFO - sku FD8Z7G383C in bin 4028 qty in bin 1.0
2025-05-28 16:14:57,833 - streamlit_logger_20250528_161457 - INFO - 1 units of sku FD8Z7G383C can be picked entirely from bin 4028 with pre-pick qty of 1.0
2025-05-28 16:14:57,835 - streamlit_logger_20250528_161457 - INFO - sku FD8Z7G383C had 5 bins above in the stack. It will now be popped to the top of the stack
2025-05-28 16:14:57,835 - streamlit_logger_20250528_161457 - INFO -  sku FD8Z7G383C picked all items in compartment 3 of bin 4028. Now it will be marked empty.
2025-05-28 16:14:57,837 - streamlit_logger_20250528_161457 - DEBUG - confirmed - qty in bin is 0.0
2025-05-28 16:14:57,838 - streamlit_logger_20250528_161457 - INFO - success marking bin 4028 compartment 3 as empty
2025-05-28 16:14:57,839 - streamlit_logger_20250528_161457 - ERROR - No bins found containing FD8Z7G383C
2025-05-28 16:14:57,840 - streamlit_logger_20250528_161457 - ERROR - No priority 1 bin for sku FD8Z7G383C
2025-05-28 16:14:57,842 - streamlit_logger_20250528_161457 - DEBUG - check refill called
2025-05-28 16:14:57,843 - streamlit_logger_20250528_161457 - DEBUG - Processing order 102/104: SKU=HC3Z6140A, Qty=1
2025-05-28 16:14:57,846 - streamlit_logger_20250528_161457 - INFO - sku HC3Z6140A in bin 4100 qty in bin 1.0
2025-05-28 16:14:57,846 - streamlit_logger_20250528_161457 - INFO - 1 units of sku HC3Z6140A can be picked entirely from bin 4100 with pre-pick qty of 1.0
2025-05-28 16:14:57,849 - streamlit_logger_20250528_161457 - INFO - sku HC3Z6140A had 3 bins above in the stack. It will now be popped to the top of the stack
2025-05-28 16:14:57,849 - streamlit_logger_20250528_161457 - INFO -  sku HC3Z6140A picked all items in compartment 6 of bin 4100. Now it will be marked empty.
2025-05-28 16:14:57,850 - streamlit_logger_20250528_161457 - DEBUG - confirmed - qty in bin is 0.0
2025-05-28 16:14:57,850 - streamlit_logger_20250528_161457 - INFO - success marking bin 4100 compartment 6 as empty
2025-05-28 16:14:57,851 - streamlit_logger_20250528_161457 - ERROR - No bins found containing HC3Z6140A
2025-05-28 16:14:57,852 - streamlit_logger_20250528_161457 - ERROR - No priority 1 bin for sku HC3Z6140A
2025-05-28 16:14:57,854 - streamlit_logger_20250528_161457 - DEBUG - check refill called
2025-05-28 16:14:57,854 - streamlit_logger_20250528_161457 - DEBUG - Processing order 103/104: SKU=3U2Z14S411PRC, Qty=1
2025-05-28 16:14:57,855 - streamlit_logger_20250528_161457 - INFO - SKU 3U2Z14S411PRC was not in given sku data
2025-05-28 16:14:57,855 - streamlit_logger_20250528_161457 - DEBUG - Processing order 104/104: SKU=LP5Z7B442B, Qty=1
2025-05-28 16:14:57,857 - streamlit_logger_20250528_161457 - INFO - sku LP5Z7B442B in bin 4229 qty in bin 1.0
2025-05-28 16:14:57,857 - streamlit_logger_20250528_161457 - INFO - 1 units of sku LP5Z7B442B can be picked entirely from bin 4229 with pre-pick qty of 1.0
2025-05-28 16:14:57,859 - streamlit_logger_20250528_161457 - INFO - sku LP5Z7B442B had 3 bins above in the stack. It will now be popped to the top of the stack
2025-05-28 16:14:57,860 - streamlit_logger_20250528_161457 - INFO -  sku LP5Z7B442B picked all items in compartment 3 of bin 4229. Now it will be marked empty.
2025-05-28 16:14:57,861 - streamlit_logger_20250528_161457 - DEBUG - confirmed - qty in bin is 0.0
2025-05-28 16:14:57,861 - streamlit_logger_20250528_161457 - INFO - success marking bin 4229 compartment 3 as empty
2025-05-28 16:14:57,862 - streamlit_logger_20250528_161457 - ERROR - No bins found containing LP5Z7B442B
2025-05-28 16:14:57,864 - streamlit_logger_20250528_161457 - ERROR - No priority 1 bin for sku LP5Z7B442B
2025-05-28 16:14:57,867 - streamlit_logger_20250528_161457 - DEBUG - check refill called
