2025-05-28 15:58:22,961 - streamlit_logger_20250528_155822 - INFO - New logger 'streamlit_logger_20250528_155822' initialized successfully
2025-05-28 15:58:22,961 - streamlit_logger_20250528_155822 - INFO - Application Started
2025-05-28 15:58:22,961 - streamlit_logger_20250528_155822 - INFO - Processing 104 orders
2025-05-28 15:58:22,962 - streamlit_logger_20250528_155822 - DEBUG - Processing order 1/104: SKU=M1PZ19G490C, Qty=1
2025-05-28 15:58:22,965 - streamlit_logger_20250528_155822 - INFO - sku M1PZ19G490C in bin 1975 qty in bin 5
2025-05-28 15:58:22,965 - streamlit_logger_20250528_155822 - INFO - 1 units of sku M1PZ19G490C can be picked entirely from bin 1975 with pre-pick qty of 5
2025-05-28 15:58:22,968 - streamlit_logger_20250528_155822 - INFO - sku M1PZ19G490C had 4 bins above in the stack. It will now be popped to the top of the stack
2025-05-28 15:58:22,970 - streamlit_logger_20250528_155822 - DEBUG - sku M1PZ19G490C successfully picked and has units remaining in prio bin
2025-05-28 15:58:22,971 - streamlit_logger_20250528_155822 - DEBUG - check refill called
2025-05-28 15:58:22,972 - streamlit_logger_20250528_155822 - DEBUG - Processing order 2/104: SKU=AL3Z6038D, Qty=3
2025-05-28 15:58:22,975 - streamlit_logger_20250528_155822 - INFO - sku AL3Z6038D in bin 453 qty in bin 5
2025-05-28 15:58:22,975 - streamlit_logger_20250528_155822 - INFO - 3 units of sku AL3Z6038D can be picked entirely from bin 453 with pre-pick qty of 5
2025-05-28 15:58:22,980 - streamlit_logger_20250528_155822 - INFO - sku AL3Z6038D had 7 bins above in the stack. It will now be popped to the top of the stack
2025-05-28 15:58:22,980 - streamlit_logger_20250528_155822 - DEBUG - sku AL3Z6038D successfully picked and has units remaining in prio bin
2025-05-28 15:58:22,981 - streamlit_logger_20250528_155822 - DEBUG - check refill called
2025-05-28 15:58:22,982 - streamlit_logger_20250528_155822 - DEBUG - Processing order 3/104: SKU=F1EZ17626B, Qty=1
2025-05-28 15:58:22,984 - streamlit_logger_20250528_155822 - INFO - SKU F1EZ17626B was in given data, but does not fit in the AS
2025-05-28 15:58:22,984 - streamlit_logger_20250528_155822 - DEBUG - Processing order 4/104: SKU=CJ5Z7821453D, Qty=1
2025-05-28 15:58:22,985 - streamlit_logger_20250528_155822 - INFO - SKU CJ5Z7821453D was not in given sku data
2025-05-28 15:58:22,985 - streamlit_logger_20250528_155822 - DEBUG - Processing order 5/104: SKU=GL3Z99290D12AB, Qty=1
2025-05-28 15:58:22,986 - streamlit_logger_20250528_155822 - INFO - SKU GL3Z99290D12AB was not in given sku data
2025-05-28 15:58:22,986 - streamlit_logger_20250528_155822 - DEBUG - Processing order 6/104: SKU=M1PZ19G490C, Qty=1
2025-05-28 15:58:22,990 - streamlit_logger_20250528_155822 - INFO - sku M1PZ19G490C in bin 1975 qty in bin 4
2025-05-28 15:58:22,990 - streamlit_logger_20250528_155822 - INFO - 1 units of sku M1PZ19G490C can be picked entirely from bin 1975 with pre-pick qty of 4
2025-05-28 15:58:22,992 - streamlit_logger_20250528_155822 - INFO - sku M1PZ19G490C had 0 bins above in the stack. It will now be popped to the top of the stack
2025-05-28 15:58:22,992 - streamlit_logger_20250528_155822 - DEBUG - sku M1PZ19G490C successfully picked and has units remaining in prio bin
2025-05-28 15:58:22,992 - streamlit_logger_20250528_155822 - DEBUG - check refill called
2025-05-28 15:58:22,993 - streamlit_logger_20250528_155822 - DEBUG - Processing order 7/104: SKU=LJ8Z16103B, Qty=1
2025-05-28 15:58:22,994 - streamlit_logger_20250528_155822 - INFO - SKU LJ8Z16103B was not in given sku data
2025-05-28 15:58:22,994 - streamlit_logger_20250528_155822 - DEBUG - Processing order 8/104: SKU=5L8Z17526AA, Qty=1
2025-05-28 15:58:22,995 - streamlit_logger_20250528_155822 - INFO - SKU 5L8Z17526AA was not in given sku data
2025-05-28 15:58:22,995 - streamlit_logger_20250528_155822 - DEBUG - Processing order 9/104: SKU=HC3Z6038B, Qty=8
2025-05-28 15:58:22,998 - streamlit_logger_20250528_155822 - INFO - sku HC3Z6038B in bin 1390 qty in bin 10
2025-05-28 15:58:22,998 - streamlit_logger_20250528_155822 - INFO - 8 units of sku HC3Z6038B can be picked entirely from bin 1390 with pre-pick qty of 10
2025-05-28 15:58:23,000 - streamlit_logger_20250528_155822 - INFO - sku HC3Z6038B had 8 bins above in the stack. It will now be popped to the top of the stack
2025-05-28 15:58:23,001 - streamlit_logger_20250528_155822 - DEBUG - sku HC3Z6038B successfully picked and has units remaining in prio bin
2025-05-28 15:58:23,001 - streamlit_logger_20250528_155822 - DEBUG - check refill called
2025-05-28 15:58:23,002 - streamlit_logger_20250528_155822 - DEBUG - Processing order 10/104: SKU=7C3Z16796A, Qty=1
2025-05-28 15:58:23,003 - streamlit_logger_20250528_155822 - INFO - SKU 7C3Z16796A was not in given sku data
2025-05-28 15:58:23,003 - streamlit_logger_20250528_155822 - DEBUG - Processing order 11/104: SKU=KB3Z21275A37AA, Qty=1
2025-05-28 15:58:23,004 - streamlit_logger_20250528_155822 - INFO - SKU KB3Z21275A37AA was not in given sku data
2025-05-28 15:58:23,004 - streamlit_logger_20250528_155822 - DEBUG - Processing order 12/104: SKU=AL3Z6038D, Qty=1
2025-05-28 15:58:23,006 - streamlit_logger_20250528_155822 - INFO - sku AL3Z6038D in bin 453 qty in bin 2
2025-05-28 15:58:23,007 - streamlit_logger_20250528_155822 - INFO - 1 units of sku AL3Z6038D can be picked entirely from bin 453 with pre-pick qty of 2
2025-05-28 15:58:23,008 - streamlit_logger_20250528_155822 - INFO - sku AL3Z6038D had 0 bins above in the stack. It will now be popped to the top of the stack
2025-05-28 15:58:23,008 - streamlit_logger_20250528_155822 - DEBUG - sku AL3Z6038D successfully picked and has units remaining in prio bin
2025-05-28 15:58:23,009 - streamlit_logger_20250528_155822 - DEBUG - check refill called
2025-05-28 15:58:23,010 - streamlit_logger_20250528_155822 - DEBUG - Processing order 13/104: SKU=7A2Z17D942A, Qty=1
2025-05-28 15:58:23,011 - streamlit_logger_20250528_155822 - INFO - SKU 7A2Z17D942A was not in given sku data
2025-05-28 15:58:23,011 - streamlit_logger_20250528_155822 - DEBUG - Processing order 14/104: SKU=M1PZ19G490C, Qty=2
2025-05-28 15:58:23,014 - streamlit_logger_20250528_155822 - INFO - sku M1PZ19G490C in bin 1975 qty in bin 3
2025-05-28 15:58:23,015 - streamlit_logger_20250528_155822 - INFO - 2 units of sku M1PZ19G490C can be picked entirely from bin 1975 with pre-pick qty of 3
2025-05-28 15:58:23,017 - streamlit_logger_20250528_155822 - INFO - sku M1PZ19G490C had 0 bins above in the stack. It will now be popped to the top of the stack
2025-05-28 15:58:23,017 - streamlit_logger_20250528_155822 - DEBUG - sku M1PZ19G490C successfully picked and has units remaining in prio bin
2025-05-28 15:58:23,019 - streamlit_logger_20250528_155822 - DEBUG - check refill called
2025-05-28 15:58:23,020 - streamlit_logger_20250528_155822 - DEBUG - Processing order 15/104: SKU=FL3Z14A411D, Qty=1
2025-05-28 15:58:23,021 - streamlit_logger_20250528_155822 - INFO - SKU FL3Z14A411D was not in given sku data
2025-05-28 15:58:23,022 - streamlit_logger_20250528_155822 - DEBUG - Processing order 16/104: SKU=AW1Z5484D, Qty=1
2025-05-28 15:58:23,026 - streamlit_logger_20250528_155822 - INFO - sku AW1Z5484D in bin 3760 qty in bin 1
2025-05-28 15:58:23,027 - streamlit_logger_20250528_155822 - INFO - 1 units of sku AW1Z5484D can be picked entirely from bin 3760 with pre-pick qty of 1
2025-05-28 15:58:23,031 - streamlit_logger_20250528_155822 - INFO - sku AW1Z5484D had 12 bins above in the stack. It will now be popped to the top of the stack
2025-05-28 15:58:23,032 - streamlit_logger_20250528_155822 - INFO -  sku AW1Z5484D picked all items in compartment 8 of bin 3760. Now it will be marked empty.
2025-05-28 15:58:23,034 - streamlit_logger_20250528_155822 - DEBUG - confirmed - qty in bin is 0
2025-05-28 15:58:23,037 - streamlit_logger_20250528_155822 - INFO - success marking bin 3760 compartment 8 as empty
2025-05-28 15:58:23,038 - streamlit_logger_20250528_155822 - ERROR - No bins found containing AW1Z5484D
2025-05-28 15:58:23,040 - streamlit_logger_20250528_155822 - ERROR - No priority 1 bin for sku AW1Z5484D
2025-05-28 15:58:23,043 - streamlit_logger_20250528_155822 - DEBUG - check refill called
2025-05-28 15:58:23,045 - streamlit_logger_20250528_155822 - DEBUG - Processing order 17/104: SKU=AL3Z6038D, Qty=1
2025-05-28 15:58:23,048 - streamlit_logger_20250528_155822 - INFO - sku AL3Z6038D in bin 453 qty in bin 1.0
2025-05-28 15:58:23,048 - streamlit_logger_20250528_155822 - INFO - 1 units of sku AL3Z6038D can be picked entirely from bin 453 with pre-pick qty of 1.0
2025-05-28 15:58:23,050 - streamlit_logger_20250528_155822 - INFO - sku AL3Z6038D had 0 bins above in the stack. It will now be popped to the top of the stack
2025-05-28 15:58:23,050 - streamlit_logger_20250528_155822 - INFO -  sku AL3Z6038D picked all items in compartment 1 of bin 453. Now it will be marked empty.
2025-05-28 15:58:23,052 - streamlit_logger_20250528_155822 - DEBUG - confirmed - qty in bin is 0.0
2025-05-28 15:58:23,052 - streamlit_logger_20250528_155822 - INFO - success marking bin 453 compartment 1 as empty
2025-05-28 15:58:23,057 - streamlit_logger_20250528_155822 - DEBUG - check refill called
2025-05-28 15:58:23,058 - streamlit_logger_20250528_155822 - DEBUG - Processing order 18/104: SKU=HC3Z6038B, Qty=1
2025-05-28 15:58:23,061 - streamlit_logger_20250528_155822 - INFO - sku HC3Z6038B in bin 1390 qty in bin 2.0
2025-05-28 15:58:23,062 - streamlit_logger_20250528_155822 - INFO - 1 units of sku HC3Z6038B can be picked entirely from bin 1390 with pre-pick qty of 2.0
2025-05-28 15:58:23,064 - streamlit_logger_20250528_155822 - INFO - sku HC3Z6038B had 0 bins above in the stack. It will now be popped to the top of the stack
2025-05-28 15:58:23,064 - streamlit_logger_20250528_155822 - DEBUG - sku HC3Z6038B successfully picked and has units remaining in prio bin
2025-05-28 15:58:23,065 - streamlit_logger_20250528_155822 - DEBUG - check refill called
2025-05-28 15:58:23,066 - streamlit_logger_20250528_155822 - DEBUG - Processing order 19/104: SKU=M1PZ19G490C, Qty=1
2025-05-28 15:58:23,071 - streamlit_logger_20250528_155822 - INFO - sku M1PZ19G490C in bin 1975 qty in bin 1.0
2025-05-28 15:58:23,071 - streamlit_logger_20250528_155822 - INFO - 1 units of sku M1PZ19G490C can be picked entirely from bin 1975 with pre-pick qty of 1.0
2025-05-28 15:58:23,073 - streamlit_logger_20250528_155822 - INFO - sku M1PZ19G490C had 0 bins above in the stack. It will now be popped to the top of the stack
2025-05-28 15:58:23,073 - streamlit_logger_20250528_155822 - INFO -  sku M1PZ19G490C picked all items in compartment 1 of bin 1975. Now it will be marked empty.
2025-05-28 15:58:23,074 - streamlit_logger_20250528_155822 - DEBUG - confirmed - qty in bin is 0.0
2025-05-28 15:58:23,075 - streamlit_logger_20250528_155822 - INFO - success marking bin 1975 compartment 1 as empty
2025-05-28 15:58:23,078 - streamlit_logger_20250528_155822 - DEBUG - check refill called
2025-05-28 15:58:23,079 - streamlit_logger_20250528_155822 - DEBUG - Processing order 20/104: SKU=G2BZ5426810A, Qty=1
2025-05-28 15:58:23,080 - streamlit_logger_20250528_155822 - INFO - SKU G2BZ5426810A was not in given sku data
2025-05-28 15:58:23,080 - streamlit_logger_20250528_155822 - DEBUG - Processing order 21/104: SKU=L1MZ14A099N, Qty=1
2025-05-28 15:58:23,080 - streamlit_logger_20250528_155822 - INFO - SKU L1MZ14A099N was not in given sku data
2025-05-28 15:58:23,081 - streamlit_logger_20250528_155822 - DEBUG - Processing order 22/104: SKU=M1PZ19G490C, Qty=1
2025-05-28 15:58:23,084 - streamlit_logger_20250528_155822 - INFO - sku M1PZ19G490C in bin 1976 qty in bin 5.0
2025-05-28 15:58:23,084 - streamlit_logger_20250528_155822 - INFO - 1 units of sku M1PZ19G490C can be picked entirely from bin 1976 with pre-pick qty of 5.0
2025-05-28 15:58:23,086 - streamlit_logger_20250528_155822 - INFO - sku M1PZ19G490C had 9 bins above in the stack. It will now be popped to the top of the stack
2025-05-28 15:58:23,086 - streamlit_logger_20250528_155822 - DEBUG - sku M1PZ19G490C successfully picked and has units remaining in prio bin
2025-05-28 15:58:23,087 - streamlit_logger_20250528_155822 - DEBUG - check refill called
2025-05-28 15:58:23,088 - streamlit_logger_20250528_155822 - DEBUG - Processing order 23/104: SKU=ML3Z10E929CBA, Qty=1
2025-05-28 15:58:23,091 - streamlit_logger_20250528_155822 - INFO - sku ML3Z10E929CBA in bin 3152 qty in bin 1.0
2025-05-28 15:58:23,091 - streamlit_logger_20250528_155822 - INFO - 1 units of sku ML3Z10E929CBA can be picked entirely from bin 3152 with pre-pick qty of 1.0
2025-05-28 15:58:23,093 - streamlit_logger_20250528_155822 - INFO - sku ML3Z10E929CBA had 13 bins above in the stack. It will now be popped to the top of the stack
2025-05-28 15:58:23,093 - streamlit_logger_20250528_155822 - INFO -  sku ML3Z10E929CBA picked all items in compartment 2 of bin 3152. Now it will be marked empty.
2025-05-28 15:58:23,094 - streamlit_logger_20250528_155822 - DEBUG - confirmed - qty in bin is 0.0
2025-05-28 15:58:23,095 - streamlit_logger_20250528_155822 - INFO - success marking bin 3152 compartment 2 as empty
2025-05-28 15:58:23,096 - streamlit_logger_20250528_155822 - ERROR - No bins found containing ML3Z10E929CBA
2025-05-28 15:58:23,097 - streamlit_logger_20250528_155822 - ERROR - No priority 1 bin for sku ML3Z10E929CBA
2025-05-28 15:58:23,098 - streamlit_logger_20250528_155822 - DEBUG - check refill called
2025-05-28 15:58:23,099 - streamlit_logger_20250528_155822 - DEBUG - Processing order 24/104: SKU=ML3Z1627204A, Qty=1
2025-05-28 15:58:23,100 - streamlit_logger_20250528_155822 - INFO - SKU ML3Z1627204A was not in given sku data
2025-05-28 15:58:23,100 - streamlit_logger_20250528_155822 - DEBUG - Processing order 25/104: SKU=BE8Z2B292A, Qty=1
2025-05-28 15:58:23,101 - streamlit_logger_20250528_155822 - INFO - SKU BE8Z2B292A was not in given sku data
2025-05-28 15:58:23,101 - streamlit_logger_20250528_155822 - DEBUG - Processing order 26/104: SKU=KB3Z2162A, Qty=1
2025-05-28 15:58:23,102 - streamlit_logger_20250528_155822 - INFO - SKU KB3Z2162A was not in given sku data
2025-05-28 15:58:23,102 - streamlit_logger_20250528_155822 - DEBUG - Processing order 27/104: SKU=F37Z17795A, Qty=1
2025-05-28 15:58:23,106 - streamlit_logger_20250528_155822 - INFO - sku F37Z17795A in bin 3381 qty in bin 1.0
2025-05-28 15:58:23,106 - streamlit_logger_20250528_155822 - INFO - 1 units of sku F37Z17795A can be picked entirely from bin 3381 with pre-pick qty of 1.0
2025-05-28 15:58:23,108 - streamlit_logger_20250528_155822 - INFO - sku F37Z17795A had 0 bins above in the stack. It will now be popped to the top of the stack
2025-05-28 15:58:23,108 - streamlit_logger_20250528_155822 - INFO -  sku F37Z17795A picked all items in compartment 4 of bin 3381. Now it will be marked empty.
2025-05-28 15:58:23,110 - streamlit_logger_20250528_155822 - DEBUG - confirmed - qty in bin is 0.0
2025-05-28 15:58:23,111 - streamlit_logger_20250528_155822 - INFO - success marking bin 3381 compartment 4 as empty
2025-05-28 15:58:23,112 - streamlit_logger_20250528_155822 - ERROR - No bins found containing F37Z17795A
2025-05-28 15:58:23,114 - streamlit_logger_20250528_155822 - ERROR - No priority 1 bin for sku F37Z17795A
2025-05-28 15:58:23,117 - streamlit_logger_20250528_155822 - DEBUG - check refill called
2025-05-28 15:58:23,118 - streamlit_logger_20250528_155822 - DEBUG - Processing order 28/104: SKU=BK3Z1551400C, Qty=1
2025-05-28 15:58:23,119 - streamlit_logger_20250528_155822 - INFO - SKU BK3Z1551400C was not in given sku data
2025-05-28 15:58:23,119 - streamlit_logger_20250528_155822 - DEBUG - Processing order 29/104: SKU=AL3Z6038D, Qty=1
2025-05-28 15:58:23,123 - streamlit_logger_20250528_155822 - INFO - sku AL3Z6038D in bin 454 qty in bin 5.0
2025-05-28 15:58:23,123 - streamlit_logger_20250528_155822 - INFO - 1 units of sku AL3Z6038D can be picked entirely from bin 454 with pre-pick qty of 5.0
2025-05-28 15:58:23,125 - streamlit_logger_20250528_155822 - INFO - sku AL3Z6038D had 0 bins above in the stack. It will now be popped to the top of the stack
2025-05-28 15:58:23,125 - streamlit_logger_20250528_155822 - DEBUG - sku AL3Z6038D successfully picked and has units remaining in prio bin
2025-05-28 15:58:23,126 - streamlit_logger_20250528_155822 - DEBUG - check refill called
2025-05-28 15:58:23,128 - streamlit_logger_20250528_155822 - DEBUG - Processing order 30/104: SKU=H1BZ18808A, Qty=1
2025-05-28 15:58:23,128 - streamlit_logger_20250528_155822 - INFO - SKU H1BZ18808A was not in given sku data
2025-05-28 15:58:23,129 - streamlit_logger_20250528_155822 - DEBUG - Processing order 31/104: SKU=M1PZ19G490C, Qty=5
2025-05-28 15:58:23,132 - streamlit_logger_20250528_155822 - INFO - sku M1PZ19G490C in bin 1976 qty in bin 4.0
2025-05-28 15:58:23,134 - streamlit_logger_20250528_155822 - INFO - sku M1PZ19G490C had 0 bins above in the stack. It will now be popped to the top of the stack
2025-05-28 15:58:23,137 - streamlit_logger_20250528_155822 - INFO - sku M1PZ19G490C had 0 bins above in the stack. It will now be popped to the top of the stack
2025-05-28 15:58:23,139 - streamlit_logger_20250528_155822 - DEBUG - check refill called
2025-05-28 15:58:23,140 - streamlit_logger_20250528_155822 - DEBUG - Processing order 32/104: SKU=LJ7Z17E810AA, Qty=1
2025-05-28 15:58:23,141 - streamlit_logger_20250528_155822 - INFO - SKU LJ7Z17E810AA was not in given sku data
2025-05-28 15:58:23,141 - streamlit_logger_20250528_155822 - DEBUG - Processing order 33/104: SKU=6L2Z7D483N, Qty=1
2025-05-28 15:58:23,144 - streamlit_logger_20250528_155822 - INFO - sku 6L2Z7D483N in bin 3633 qty in bin 1.0
2025-05-28 15:58:23,144 - streamlit_logger_20250528_155822 - INFO - 1 units of sku 6L2Z7D483N can be picked entirely from bin 3633 with pre-pick qty of 1.0
2025-05-28 15:58:23,145 - streamlit_logger_20250528_155822 - INFO - sku 6L2Z7D483N had 17 bins above in the stack. It will now be popped to the top of the stack
2025-05-28 15:58:23,146 - streamlit_logger_20250528_155822 - INFO -  sku 6L2Z7D483N picked all items in compartment 5 of bin 3633. Now it will be marked empty.
2025-05-28 15:58:23,146 - streamlit_logger_20250528_155822 - DEBUG - confirmed - qty in bin is 0.0
2025-05-28 15:58:23,147 - streamlit_logger_20250528_155822 - INFO - success marking bin 3633 compartment 5 as empty
2025-05-28 15:58:23,148 - streamlit_logger_20250528_155822 - ERROR - No bins found containing 6L2Z7D483N
2025-05-28 15:58:23,151 - streamlit_logger_20250528_155822 - ERROR - No priority 1 bin for sku 6L2Z7D483N
2025-05-28 15:58:23,152 - streamlit_logger_20250528_155822 - DEBUG - check refill called
2025-05-28 15:58:23,153 - streamlit_logger_20250528_155822 - DEBUG - Processing order 34/104: SKU=AL3Z6038D, Qty=2
2025-05-28 15:58:23,156 - streamlit_logger_20250528_155822 - INFO - sku AL3Z6038D in bin 454 qty in bin 4.0
2025-05-28 15:58:23,156 - streamlit_logger_20250528_155822 - INFO - 2 units of sku AL3Z6038D can be picked entirely from bin 454 with pre-pick qty of 4.0
2025-05-28 15:58:23,158 - streamlit_logger_20250528_155822 - INFO - sku AL3Z6038D had 0 bins above in the stack. It will now be popped to the top of the stack
2025-05-28 15:58:23,159 - streamlit_logger_20250528_155822 - DEBUG - sku AL3Z6038D successfully picked and has units remaining in prio bin
2025-05-28 15:58:23,160 - streamlit_logger_20250528_155822 - DEBUG - check refill called
2025-05-28 15:58:23,161 - streamlit_logger_20250528_155822 - DEBUG - Processing order 35/104: SKU=FT4Z5826800B, Qty=1
2025-05-28 15:58:23,165 - streamlit_logger_20250528_155822 - INFO - sku FT4Z5826800B in bin 1240 qty in bin 14.0
2025-05-28 15:58:23,165 - streamlit_logger_20250528_155822 - INFO - 1 units of sku FT4Z5826800B can be picked entirely from bin 1240 with pre-pick qty of 14.0
2025-05-28 15:58:23,168 - streamlit_logger_20250528_155822 - INFO - sku FT4Z5826800B had 17 bins above in the stack. It will now be popped to the top of the stack
2025-05-28 15:58:23,169 - streamlit_logger_20250528_155822 - DEBUG - sku FT4Z5826800B successfully picked and has units remaining in prio bin
2025-05-28 15:58:23,170 - streamlit_logger_20250528_155822 - DEBUG - check refill called
2025-05-28 15:58:23,171 - streamlit_logger_20250528_155822 - DEBUG - Processing order 36/104: SKU=DT1Z17K922AA, Qty=1
2025-05-28 15:58:23,172 - streamlit_logger_20250528_155822 - INFO - SKU DT1Z17K922AA was not in given sku data
2025-05-28 15:58:23,172 - streamlit_logger_20250528_155822 - DEBUG - Processing order 37/104: SKU=FL3Z2282D, Qty=1
2025-05-28 15:58:23,176 - streamlit_logger_20250528_155822 - INFO - sku FL3Z2282D in bin 1137 qty in bin 16.0
2025-05-28 15:58:23,177 - streamlit_logger_20250528_155822 - INFO - 1 units of sku FL3Z2282D can be picked entirely from bin 1137 with pre-pick qty of 16.0
2025-05-28 15:58:23,178 - streamlit_logger_20250528_155822 - INFO - sku FL3Z2282D had 12 bins above in the stack. It will now be popped to the top of the stack
2025-05-28 15:58:23,178 - streamlit_logger_20250528_155822 - DEBUG - sku FL3Z2282D successfully picked and has units remaining in prio bin
2025-05-28 15:58:23,179 - streamlit_logger_20250528_155822 - DEBUG - check refill called
2025-05-28 15:58:23,180 - streamlit_logger_20250528_155822 - DEBUG - Processing order 38/104: SKU=BK3Z8597B, Qty=1
2025-05-28 15:58:23,180 - streamlit_logger_20250528_155822 - INFO - SKU BK3Z8597B was not in given sku data
2025-05-28 15:58:23,181 - streamlit_logger_20250528_155822 - DEBUG - Processing order 39/104: SKU=BV6Z3511B, Qty=1
2025-05-28 15:58:23,181 - streamlit_logger_20250528_155822 - INFO - SKU BV6Z3511B was not in given sku data
2025-05-28 15:58:23,181 - streamlit_logger_20250528_155822 - DEBUG - Processing order 40/104: SKU=M1PZ19G490C, Qty=6
2025-05-28 15:58:23,185 - streamlit_logger_20250528_155822 - INFO - sku M1PZ19G490C in bin 1976 qty in bin 9.0
2025-05-28 15:58:23,185 - streamlit_logger_20250528_155822 - INFO - 6 units of sku M1PZ19G490C can be picked entirely from bin 1976 with pre-pick qty of 9.0
2025-05-28 15:58:23,188 - streamlit_logger_20250528_155822 - INFO - sku M1PZ19G490C had 0 bins above in the stack. It will now be popped to the top of the stack
2025-05-28 15:58:23,188 - streamlit_logger_20250528_155822 - DEBUG - sku M1PZ19G490C successfully picked and has units remaining in prio bin
2025-05-28 15:58:23,189 - streamlit_logger_20250528_155822 - DEBUG - check refill called
2025-05-28 15:58:23,190 - streamlit_logger_20250528_155822 - DEBUG - Processing order 41/104: SKU=BB3Z00814A, Qty=1
2025-05-28 15:58:23,193 - streamlit_logger_20250528_155822 - INFO - sku BB3Z00814A in bin 3763 qty in bin 1.0
2025-05-28 15:58:23,193 - streamlit_logger_20250528_155822 - INFO - 1 units of sku BB3Z00814A can be picked entirely from bin 3763 with pre-pick qty of 1.0
2025-05-28 15:58:23,195 - streamlit_logger_20250528_155822 - INFO - sku BB3Z00814A had 10 bins above in the stack. It will now be popped to the top of the stack
2025-05-28 15:58:23,195 - streamlit_logger_20250528_155822 - INFO -  sku BB3Z00814A picked all items in compartment 1 of bin 3763. Now it will be marked empty.
2025-05-28 15:58:23,196 - streamlit_logger_20250528_155822 - DEBUG - confirmed - qty in bin is 0.0
2025-05-28 15:58:23,196 - streamlit_logger_20250528_155822 - INFO - success marking bin 3763 compartment 1 as empty
2025-05-28 15:58:23,197 - streamlit_logger_20250528_155822 - ERROR - No bins found containing BB3Z00814A
2025-05-28 15:58:23,198 - streamlit_logger_20250528_155822 - ERROR - No priority 1 bin for sku BB3Z00814A
2025-05-28 15:58:23,199 - streamlit_logger_20250528_155822 - DEBUG - check refill called
2025-05-28 15:58:23,200 - streamlit_logger_20250528_155822 - DEBUG - Processing order 42/104: SKU=8A1Z16720C, Qty=1
2025-05-28 15:58:23,203 - streamlit_logger_20250528_155822 - INFO - sku 8A1Z16720C in bin 3672 qty in bin 1.0
2025-05-28 15:58:23,203 - streamlit_logger_20250528_155822 - INFO - 1 units of sku 8A1Z16720C can be picked entirely from bin 3672 with pre-pick qty of 1.0
2025-05-28 15:58:23,205 - streamlit_logger_20250528_155822 - INFO - sku 8A1Z16720C had 4 bins above in the stack. It will now be popped to the top of the stack
2025-05-28 15:58:23,205 - streamlit_logger_20250528_155822 - INFO -  sku 8A1Z16720C picked all items in compartment 7 of bin 3672. Now it will be marked empty.
2025-05-28 15:58:23,206 - streamlit_logger_20250528_155822 - DEBUG - confirmed - qty in bin is 0.0
2025-05-28 15:58:23,207 - streamlit_logger_20250528_155822 - INFO - success marking bin 3672 compartment 7 as empty
2025-05-28 15:58:23,207 - streamlit_logger_20250528_155822 - ERROR - No bins found containing 8A1Z16720C
2025-05-28 15:58:23,209 - streamlit_logger_20250528_155822 - ERROR - No priority 1 bin for sku 8A1Z16720C
2025-05-28 15:58:23,212 - streamlit_logger_20250528_155822 - DEBUG - check refill called
2025-05-28 15:58:23,213 - streamlit_logger_20250528_155822 - DEBUG - Processing order 43/104: SKU=FL1Z78001A08A, Qty=1
2025-05-28 15:58:23,213 - streamlit_logger_20250528_155822 - INFO - SKU FL1Z78001A08A was not in given sku data
2025-05-28 15:58:23,214 - streamlit_logger_20250528_155822 - DEBUG - Processing order 44/104: SKU=EK4Z6127204A, Qty=1
2025-05-28 15:58:23,214 - streamlit_logger_20250528_155822 - INFO - SKU EK4Z6127204A was not in given sku data
2025-05-28 15:58:23,214 - streamlit_logger_20250528_155822 - DEBUG - Processing order 45/104: SKU=BE8Z13N021A, Qty=1
2025-05-28 15:58:23,215 - streamlit_logger_20250528_155822 - INFO - SKU BE8Z13N021A was not in given sku data
2025-05-28 15:58:23,215 - streamlit_logger_20250528_155822 - DEBUG - Processing order 46/104: SKU=8C3Z6758A, Qty=1
2025-05-28 15:58:23,218 - streamlit_logger_20250528_155822 - INFO - sku 8C3Z6758A in bin 281 qty in bin 8.0
2025-05-28 15:58:23,218 - streamlit_logger_20250528_155822 - INFO - 1 units of sku 8C3Z6758A can be picked entirely from bin 281 with pre-pick qty of 8.0
2025-05-28 15:58:23,220 - streamlit_logger_20250528_155822 - INFO - sku 8C3Z6758A had 15 bins above in the stack. It will now be popped to the top of the stack
2025-05-28 15:58:23,220 - streamlit_logger_20250528_155822 - DEBUG - sku 8C3Z6758A successfully picked and has units remaining in prio bin
2025-05-28 15:58:23,221 - streamlit_logger_20250528_155822 - DEBUG - check refill called
2025-05-28 15:58:23,222 - streamlit_logger_20250528_155822 - DEBUG - Processing order 47/104: SKU=LJ6Z78239A01AD, Qty=1
2025-05-28 15:58:23,225 - streamlit_logger_20250528_155822 - INFO - sku LJ6Z78239A01AD in bin 4217 qty in bin 1.0
2025-05-28 15:58:23,225 - streamlit_logger_20250528_155822 - INFO - 1 units of sku LJ6Z78239A01AD can be picked entirely from bin 4217 with pre-pick qty of 1.0
2025-05-28 15:58:23,227 - streamlit_logger_20250528_155822 - INFO - sku LJ6Z78239A01AD had 9 bins above in the stack. It will now be popped to the top of the stack
2025-05-28 15:58:23,227 - streamlit_logger_20250528_155822 - INFO -  sku LJ6Z78239A01AD picked all items in compartment 4 of bin 4217. Now it will be marked empty.
2025-05-28 15:58:23,228 - streamlit_logger_20250528_155822 - DEBUG - confirmed - qty in bin is 0.0
2025-05-28 15:58:23,229 - streamlit_logger_20250528_155822 - INFO - success marking bin 4217 compartment 4 as empty
2025-05-28 15:58:23,229 - streamlit_logger_20250528_155822 - ERROR - No bins found containing LJ6Z78239A01AD
2025-05-28 15:58:23,231 - streamlit_logger_20250528_155822 - ERROR - No priority 1 bin for sku LJ6Z78239A01AD
2025-05-28 15:58:23,232 - streamlit_logger_20250528_155822 - DEBUG - check refill called
2025-05-28 15:58:23,233 - streamlit_logger_20250528_155822 - DEBUG - Processing order 48/104: SKU=AE8Z7233A, Qty=1
2025-05-28 15:58:23,237 - streamlit_logger_20250528_155822 - INFO - sku AE8Z7233A in bin 3734 qty in bin 1.0
2025-05-28 15:58:23,237 - streamlit_logger_20250528_155822 - INFO - 1 units of sku AE8Z7233A can be picked entirely from bin 3734 with pre-pick qty of 1.0
2025-05-28 15:58:23,239 - streamlit_logger_20250528_155822 - INFO - sku AE8Z7233A had 0 bins above in the stack. It will now be popped to the top of the stack
2025-05-28 15:58:23,239 - streamlit_logger_20250528_155822 - INFO -  sku AE8Z7233A picked all items in compartment 6 of bin 3734. Now it will be marked empty.
2025-05-28 15:58:23,241 - streamlit_logger_20250528_155822 - DEBUG - confirmed - qty in bin is 0.0
2025-05-28 15:58:23,242 - streamlit_logger_20250528_155822 - INFO - success marking bin 3734 compartment 6 as empty
2025-05-28 15:58:23,242 - streamlit_logger_20250528_155822 - ERROR - No bins found containing AE8Z7233A
2025-05-28 15:58:23,244 - streamlit_logger_20250528_155822 - ERROR - No priority 1 bin for sku AE8Z7233A
2025-05-28 15:58:23,245 - streamlit_logger_20250528_155822 - DEBUG - check refill called
2025-05-28 15:58:23,246 - streamlit_logger_20250528_155822 - DEBUG - Processing order 49/104: SKU=FL3Z7H150A, Qty=1
2025-05-28 15:58:23,249 - streamlit_logger_20250528_155822 - INFO - sku FL3Z7H150A in bin 4043 qty in bin 1.0
2025-05-28 15:58:23,249 - streamlit_logger_20250528_155822 - INFO - 1 units of sku FL3Z7H150A can be picked entirely from bin 4043 with pre-pick qty of 1.0
2025-05-28 15:58:23,250 - streamlit_logger_20250528_155822 - INFO - sku FL3Z7H150A had 12 bins above in the stack. It will now be popped to the top of the stack
2025-05-28 15:58:23,250 - streamlit_logger_20250528_155822 - INFO -  sku FL3Z7H150A picked all items in compartment 7 of bin 4043. Now it will be marked empty.
2025-05-28 15:58:23,251 - streamlit_logger_20250528_155822 - DEBUG - confirmed - qty in bin is 0.0
2025-05-28 15:58:23,252 - streamlit_logger_20250528_155822 - INFO - success marking bin 4043 compartment 7 as empty
2025-05-28 15:58:23,252 - streamlit_logger_20250528_155822 - ERROR - No bins found containing FL3Z7H150A
2025-05-28 15:58:23,253 - streamlit_logger_20250528_155822 - ERROR - No priority 1 bin for sku FL3Z7H150A
2025-05-28 15:58:23,255 - streamlit_logger_20250528_155822 - DEBUG - check refill called
2025-05-28 15:58:23,256 - streamlit_logger_20250528_155822 - DEBUG - Processing order 50/104: SKU=9L3Z14A706EA, Qty=1
2025-05-28 15:58:23,256 - streamlit_logger_20250528_155822 - INFO - SKU 9L3Z14A706EA was not in given sku data
2025-05-28 15:58:23,256 - streamlit_logger_20250528_155822 - DEBUG - Processing order 51/104: SKU=9L3Z9G444B, Qty=1
2025-05-28 15:58:23,257 - streamlit_logger_20250528_155822 - INFO - SKU 9L3Z9G444B was not in given sku data
2025-05-28 15:58:23,257 - streamlit_logger_20250528_155822 - DEBUG - Processing order 52/104: SKU=7L1Z7A262A, Qty=1
2025-05-28 15:58:23,260 - streamlit_logger_20250528_155822 - INFO - sku 7L1Z7A262A in bin 3273 qty in bin 1.0
2025-05-28 15:58:23,260 - streamlit_logger_20250528_155822 - INFO - 1 units of sku 7L1Z7A262A can be picked entirely from bin 3273 with pre-pick qty of 1.0
2025-05-28 15:58:23,262 - streamlit_logger_20250528_155822 - INFO - sku 7L1Z7A262A had 12 bins above in the stack. It will now be popped to the top of the stack
2025-05-28 15:58:23,262 - streamlit_logger_20250528_155822 - INFO -  sku 7L1Z7A262A picked all items in compartment 2 of bin 3273. Now it will be marked empty.
2025-05-28 15:58:23,263 - streamlit_logger_20250528_155822 - DEBUG - confirmed - qty in bin is 0.0
2025-05-28 15:58:23,263 - streamlit_logger_20250528_155822 - INFO - success marking bin 3273 compartment 2 as empty
2025-05-28 15:58:23,264 - streamlit_logger_20250528_155822 - ERROR - No bins found containing 7L1Z7A262A
2025-05-28 15:58:23,266 - streamlit_logger_20250528_155822 - ERROR - No priority 1 bin for sku 7L1Z7A262A
2025-05-28 15:58:23,267 - streamlit_logger_20250528_155822 - DEBUG - check refill called
2025-05-28 15:58:23,268 - streamlit_logger_20250528_155822 - DEBUG - Processing order 53/104: SKU=H1BZ5826801A, Qty=1
2025-05-28 15:58:23,271 - streamlit_logger_20250528_155822 - INFO - sku H1BZ5826801A in bin 2833 qty in bin 1.0
2025-05-28 15:58:23,272 - streamlit_logger_20250528_155822 - INFO - 1 units of sku H1BZ5826801A can be picked entirely from bin 2833 with pre-pick qty of 1.0
2025-05-28 15:58:23,273 - streamlit_logger_20250528_155822 - INFO - sku H1BZ5826801A had 9 bins above in the stack. It will now be popped to the top of the stack
2025-05-28 15:58:23,274 - streamlit_logger_20250528_155822 - INFO -  sku H1BZ5826801A picked all items in compartment 1 of bin 2833. Now it will be marked empty.
2025-05-28 15:58:23,275 - streamlit_logger_20250528_155822 - DEBUG - confirmed - qty in bin is 0.0
2025-05-28 15:58:23,275 - streamlit_logger_20250528_155822 - INFO - success marking bin 2833 compartment 1 as empty
2025-05-28 15:58:23,276 - streamlit_logger_20250528_155822 - ERROR - No bins found containing H1BZ5826801A
2025-05-28 15:58:23,277 - streamlit_logger_20250528_155822 - ERROR - No priority 1 bin for sku H1BZ5826801A
2025-05-28 15:58:23,279 - streamlit_logger_20250528_155822 - DEBUG - check refill called
2025-05-28 15:58:23,279 - streamlit_logger_20250528_155822 - DEBUG - Processing order 54/104: SKU=6L2Z7H365AA, Qty=1
2025-05-28 15:58:23,282 - streamlit_logger_20250528_155822 - INFO - sku 6L2Z7H365AA in bin 3635 qty in bin 1.0
2025-05-28 15:58:23,282 - streamlit_logger_20250528_155822 - INFO - 1 units of sku 6L2Z7H365AA can be picked entirely from bin 3635 with pre-pick qty of 1.0
2025-05-28 15:58:23,284 - streamlit_logger_20250528_155822 - INFO - sku 6L2Z7H365AA had 0 bins above in the stack. It will now be popped to the top of the stack
2025-05-28 15:58:23,284 - streamlit_logger_20250528_155822 - INFO -  sku 6L2Z7H365AA picked all items in compartment 1 of bin 3635. Now it will be marked empty.
2025-05-28 15:58:23,285 - streamlit_logger_20250528_155822 - DEBUG - confirmed - qty in bin is 0.0
2025-05-28 15:58:23,286 - streamlit_logger_20250528_155822 - INFO - success marking bin 3635 compartment 1 as empty
2025-05-28 15:58:23,287 - streamlit_logger_20250528_155822 - ERROR - No bins found containing 6L2Z7H365AA
2025-05-28 15:58:23,288 - streamlit_logger_20250528_155822 - ERROR - No priority 1 bin for sku 6L2Z7H365AA
2025-05-28 15:58:23,290 - streamlit_logger_20250528_155822 - DEBUG - check refill called
2025-05-28 15:58:23,290 - streamlit_logger_20250528_155822 - DEBUG - Processing order 55/104: SKU=BK3Z9J280A, Qty=1
2025-05-28 15:58:23,293 - streamlit_logger_20250528_155822 - INFO - sku BK3Z9J280A in bin 2509 qty in bin 1.0
2025-05-28 15:58:23,294 - streamlit_logger_20250528_155822 - INFO - 1 units of sku BK3Z9J280A can be picked entirely from bin 2509 with pre-pick qty of 1.0
2025-05-28 15:58:23,296 - streamlit_logger_20250528_155822 - INFO - sku BK3Z9J280A had 12 bins above in the stack. It will now be popped to the top of the stack
2025-05-28 15:58:23,296 - streamlit_logger_20250528_155822 - INFO -  sku BK3Z9J280A picked all items in compartment 1 of bin 2509. Now it will be marked empty.
2025-05-28 15:58:23,297 - streamlit_logger_20250528_155822 - DEBUG - confirmed - qty in bin is 0.0
2025-05-28 15:58:23,298 - streamlit_logger_20250528_155822 - INFO - success marking bin 2509 compartment 1 as empty
2025-05-28 15:58:23,298 - streamlit_logger_20250528_155822 - ERROR - No bins found containing BK3Z9J280A
2025-05-28 15:58:23,300 - streamlit_logger_20250528_155822 - ERROR - No priority 1 bin for sku BK3Z9J280A
2025-05-28 15:58:23,301 - streamlit_logger_20250528_155822 - DEBUG - check refill called
2025-05-28 15:58:23,302 - streamlit_logger_20250528_155822 - DEBUG - Processing order 56/104: SKU=HU5Z14A411A, Qty=1
2025-05-28 15:58:23,304 - streamlit_logger_20250528_155822 - INFO - sku HU5Z14A411A in bin 2898 qty in bin 1.0
2025-05-28 15:58:23,304 - streamlit_logger_20250528_155822 - INFO - 1 units of sku HU5Z14A411A can be picked entirely from bin 2898 with pre-pick qty of 1.0
2025-05-28 15:58:23,306 - streamlit_logger_20250528_155822 - INFO - sku HU5Z14A411A had 2 bins above in the stack. It will now be popped to the top of the stack
2025-05-28 15:58:23,306 - streamlit_logger_20250528_155822 - INFO -  sku HU5Z14A411A picked all items in compartment 1 of bin 2898. Now it will be marked empty.
2025-05-28 15:58:23,307 - streamlit_logger_20250528_155822 - DEBUG - confirmed - qty in bin is 0.0
2025-05-28 15:58:23,307 - streamlit_logger_20250528_155822 - INFO - success marking bin 2898 compartment 1 as empty
2025-05-28 15:58:23,308 - streamlit_logger_20250528_155822 - ERROR - No bins found containing HU5Z14A411A
2025-05-28 15:58:23,309 - streamlit_logger_20250528_155822 - ERROR - No priority 1 bin for sku HU5Z14A411A
2025-05-28 15:58:23,311 - streamlit_logger_20250528_155822 - DEBUG - check refill called
2025-05-28 15:58:23,312 - streamlit_logger_20250528_155822 - DEBUG - Processing order 57/104: SKU=BC3Z6A251A, Qty=1
2025-05-28 15:58:23,313 - streamlit_logger_20250528_155822 - INFO - SKU BC3Z6A251A was not in given sku data
2025-05-28 15:58:23,313 - streamlit_logger_20250528_155822 - DEBUG - Processing order 58/104: SKU=ML3Z9D661A, Qty=1
2025-05-28 15:58:23,313 - streamlit_logger_20250528_155822 - INFO - SKU ML3Z9D661A was not in given sku data
2025-05-28 15:58:23,314 - streamlit_logger_20250528_155822 - DEBUG - Processing order 59/104: SKU=CU2Z14S411ASB, Qty=1
2025-05-28 15:58:23,314 - streamlit_logger_20250528_155822 - INFO - SKU CU2Z14S411ASB was not in given sku data
2025-05-28 15:58:23,314 - streamlit_logger_20250528_155822 - DEBUG - Processing order 60/104: SKU=JM5Z7G100B, Qty=1
2025-05-28 15:58:23,318 - streamlit_logger_20250528_155822 - INFO - sku JM5Z7G100B in bin 4145 qty in bin 1.0
2025-05-28 15:58:23,318 - streamlit_logger_20250528_155822 - INFO - 1 units of sku JM5Z7G100B can be picked entirely from bin 4145 with pre-pick qty of 1.0
2025-05-28 15:58:23,320 - streamlit_logger_20250528_155822 - INFO - sku JM5Z7G100B had 2 bins above in the stack. It will now be popped to the top of the stack
2025-05-28 15:58:23,320 - streamlit_logger_20250528_155822 - INFO -  sku JM5Z7G100B picked all items in compartment 7 of bin 4145. Now it will be marked empty.
2025-05-28 15:58:23,321 - streamlit_logger_20250528_155822 - DEBUG - confirmed - qty in bin is 0.0
2025-05-28 15:58:23,322 - streamlit_logger_20250528_155822 - INFO - success marking bin 4145 compartment 7 as empty
2025-05-28 15:58:23,322 - streamlit_logger_20250528_155822 - ERROR - No bins found containing JM5Z7G100B
2025-05-28 15:58:23,324 - streamlit_logger_20250528_155822 - ERROR - No priority 1 bin for sku JM5Z7G100B
2025-05-28 15:58:23,325 - streamlit_logger_20250528_155822 - DEBUG - check refill called
2025-05-28 15:58:23,326 - streamlit_logger_20250528_155822 - DEBUG - Processing order 61/104: SKU=7C3Z3F656C, Qty=1
2025-05-28 15:58:23,329 - streamlit_logger_20250528_155822 - INFO - sku 7C3Z3F656C in bin 3647 qty in bin 1.0
2025-05-28 15:58:23,329 - streamlit_logger_20250528_155822 - INFO - 1 units of sku 7C3Z3F656C can be picked entirely from bin 3647 with pre-pick qty of 1.0
2025-05-28 15:58:23,330 - streamlit_logger_20250528_155822 - INFO - sku 7C3Z3F656C had 9 bins above in the stack. It will now be popped to the top of the stack
2025-05-28 15:58:23,330 - streamlit_logger_20250528_155822 - INFO -  sku 7C3Z3F656C picked all items in compartment 1 of bin 3647. Now it will be marked empty.
2025-05-28 15:58:23,331 - streamlit_logger_20250528_155822 - DEBUG - confirmed - qty in bin is 0.0
2025-05-28 15:58:23,332 - streamlit_logger_20250528_155822 - INFO - success marking bin 3647 compartment 1 as empty
2025-05-28 15:58:23,333 - streamlit_logger_20250528_155822 - ERROR - No bins found containing 7C3Z3F656C
2025-05-28 15:58:23,334 - streamlit_logger_20250528_155822 - ERROR - No priority 1 bin for sku 7C3Z3F656C
2025-05-28 15:58:23,335 - streamlit_logger_20250528_155822 - DEBUG - check refill called
2025-05-28 15:58:23,336 - streamlit_logger_20250528_155822 - DEBUG - Processing order 62/104: SKU=LB5Z7850002C, Qty=1
2025-05-28 15:58:23,337 - streamlit_logger_20250528_155822 - INFO - SKU LB5Z7850002C was not in given sku data
2025-05-28 15:58:23,337 - streamlit_logger_20250528_155822 - DEBUG - Processing order 63/104: SKU=HL3Z7C096A, Qty=1
2025-05-28 15:58:23,340 - streamlit_logger_20250528_155822 - INFO - sku HL3Z7C096A in bin 4114 qty in bin 1.0
2025-05-28 15:58:23,340 - streamlit_logger_20250528_155822 - INFO - 1 units of sku HL3Z7C096A can be picked entirely from bin 4114 with pre-pick qty of 1.0
2025-05-28 15:58:23,342 - streamlit_logger_20250528_155822 - INFO - sku HL3Z7C096A had 2 bins above in the stack. It will now be popped to the top of the stack
2025-05-28 15:58:23,342 - streamlit_logger_20250528_155822 - INFO -  sku HL3Z7C096A picked all items in compartment 2 of bin 4114. Now it will be marked empty.
2025-05-28 15:58:23,343 - streamlit_logger_20250528_155822 - DEBUG - confirmed - qty in bin is 0.0
2025-05-28 15:58:23,344 - streamlit_logger_20250528_155822 - INFO - success marking bin 4114 compartment 2 as empty
2025-05-28 15:58:23,344 - streamlit_logger_20250528_155822 - ERROR - No bins found containing HL3Z7C096A
2025-05-28 15:58:23,345 - streamlit_logger_20250528_155822 - ERROR - No priority 1 bin for sku HL3Z7C096A
2025-05-28 15:58:23,347 - streamlit_logger_20250528_155822 - DEBUG - check refill called
2025-05-28 15:58:23,348 - streamlit_logger_20250528_155822 - DEBUG - Processing order 64/104: SKU=DS7Z8K556G, Qty=1
2025-05-28 15:58:23,351 - streamlit_logger_20250528_155822 - INFO - sku DS7Z8K556G in bin 877 qty in bin 17.0
2025-05-28 15:58:23,351 - streamlit_logger_20250528_155822 - INFO - 1 units of sku DS7Z8K556G can be picked entirely from bin 877 with pre-pick qty of 17.0
2025-05-28 15:58:23,354 - streamlit_logger_20250528_155822 - INFO - sku DS7Z8K556G had 3 bins above in the stack. It will now be popped to the top of the stack
2025-05-28 15:58:23,354 - streamlit_logger_20250528_155822 - DEBUG - sku DS7Z8K556G successfully picked and has units remaining in prio bin
2025-05-28 15:58:23,355 - streamlit_logger_20250528_155822 - DEBUG - check refill called
2025-05-28 15:58:23,357 - streamlit_logger_20250528_155822 - DEBUG - Processing order 65/104: SKU=M1PZ17603C, Qty=1
2025-05-28 15:58:23,362 - streamlit_logger_20250528_155822 - INFO - sku M1PZ17603C in bin 4239 qty in bin 1.0
2025-05-28 15:58:23,362 - streamlit_logger_20250528_155822 - INFO - 1 units of sku M1PZ17603C can be picked entirely from bin 4239 with pre-pick qty of 1.0
2025-05-28 15:58:23,364 - streamlit_logger_20250528_155822 - INFO - sku M1PZ17603C had 12 bins above in the stack. It will now be popped to the top of the stack
2025-05-28 15:58:23,364 - streamlit_logger_20250528_155822 - INFO -  sku M1PZ17603C picked all items in compartment 7 of bin 4239. Now it will be marked empty.
2025-05-28 15:58:23,365 - streamlit_logger_20250528_155822 - DEBUG - confirmed - qty in bin is 0.0
2025-05-28 15:58:23,365 - streamlit_logger_20250528_155822 - INFO - success marking bin 4239 compartment 7 as empty
2025-05-28 15:58:23,366 - streamlit_logger_20250528_155822 - ERROR - No bins found containing M1PZ17603C
2025-05-28 15:58:23,368 - streamlit_logger_20250528_155822 - ERROR - No priority 1 bin for sku M1PZ17603C
2025-05-28 15:58:23,369 - streamlit_logger_20250528_155822 - DEBUG - check refill called
2025-05-28 15:58:23,370 - streamlit_logger_20250528_155822 - DEBUG - Processing order 66/104: SKU=KA1Z16B990A, Qty=1
2025-05-28 15:58:23,370 - streamlit_logger_20250528_155822 - INFO - SKU KA1Z16B990A was not in given sku data
2025-05-28 15:58:23,371 - streamlit_logger_20250528_155822 - DEBUG - Processing order 67/104: SKU=CP9Z6268A, Qty=1
2025-05-28 15:58:23,371 - streamlit_logger_20250528_155822 - INFO - SKU CP9Z6268A was not in given sku data
2025-05-28 15:58:23,371 - streamlit_logger_20250528_155822 - DEBUG - Processing order 68/104: SKU=AE8Z17B749A, Qty=1
2025-05-28 15:58:23,372 - streamlit_logger_20250528_155822 - INFO - SKU AE8Z17B749A was not in given sku data
2025-05-28 15:58:23,372 - streamlit_logger_20250528_155822 - DEBUG - Processing order 69/104: SKU=9L1Z3F818A, Qty=1
2025-05-28 15:58:23,376 - streamlit_logger_20250528_155822 - INFO - sku 9L1Z3F818A in bin 3707 qty in bin 1.0
2025-05-28 15:58:23,376 - streamlit_logger_20250528_155822 - INFO - 1 units of sku 9L1Z3F818A can be picked entirely from bin 3707 with pre-pick qty of 1.0
2025-05-28 15:58:23,378 - streamlit_logger_20250528_155822 - INFO - sku 9L1Z3F818A had 0 bins above in the stack. It will now be popped to the top of the stack
2025-05-28 15:58:23,378 - streamlit_logger_20250528_155822 - INFO -  sku 9L1Z3F818A picked all items in compartment 4 of bin 3707. Now it will be marked empty.
2025-05-28 15:58:23,379 - streamlit_logger_20250528_155822 - DEBUG - confirmed - qty in bin is 0.0
2025-05-28 15:58:23,380 - streamlit_logger_20250528_155822 - INFO - success marking bin 3707 compartment 4 as empty
2025-05-28 15:58:23,380 - streamlit_logger_20250528_155822 - ERROR - No bins found containing 9L1Z3F818A
2025-05-28 15:58:23,382 - streamlit_logger_20250528_155822 - ERROR - No priority 1 bin for sku 9L1Z3F818A
2025-05-28 15:58:23,383 - streamlit_logger_20250528_155822 - DEBUG - check refill called
2025-05-28 15:58:23,384 - streamlit_logger_20250528_155822 - DEBUG - Processing order 70/104: SKU=DR3Z8C391B, Qty=1
2025-05-28 15:58:23,386 - streamlit_logger_20250528_155822 - INFO - sku DR3Z8C391B in bin 3900 qty in bin 1.0
2025-05-28 15:58:23,386 - streamlit_logger_20250528_155822 - INFO - 1 units of sku DR3Z8C391B can be picked entirely from bin 3900 with pre-pick qty of 1.0
2025-05-28 15:58:23,388 - streamlit_logger_20250528_155822 - INFO - sku DR3Z8C391B had 2 bins above in the stack. It will now be popped to the top of the stack
2025-05-28 15:58:23,389 - streamlit_logger_20250528_155822 - INFO -  sku DR3Z8C391B picked all items in compartment 4 of bin 3900. Now it will be marked empty.
2025-05-28 15:58:23,389 - streamlit_logger_20250528_155822 - DEBUG - confirmed - qty in bin is 0.0
2025-05-28 15:58:23,390 - streamlit_logger_20250528_155822 - INFO - success marking bin 3900 compartment 4 as empty
2025-05-28 15:58:23,391 - streamlit_logger_20250528_155822 - ERROR - No bins found containing DR3Z8C391B
2025-05-28 15:58:23,392 - streamlit_logger_20250528_155822 - ERROR - No priority 1 bin for sku DR3Z8C391B
2025-05-28 15:58:23,393 - streamlit_logger_20250528_155822 - DEBUG - check refill called
2025-05-28 15:58:23,394 - streamlit_logger_20250528_155822 - DEBUG - Processing order 71/104: SKU=9L3Z99404A42A, Qty=1
2025-05-28 15:58:23,397 - streamlit_logger_20250528_155822 - INFO - sku 9L3Z99404A42A in bin 3713 qty in bin 1.0
2025-05-28 15:58:23,397 - streamlit_logger_20250528_155822 - INFO - 1 units of sku 9L3Z99404A42A can be picked entirely from bin 3713 with pre-pick qty of 1.0
2025-05-28 15:58:23,399 - streamlit_logger_20250528_155822 - INFO - sku 9L3Z99404A42A had 5 bins above in the stack. It will now be popped to the top of the stack
2025-05-28 15:58:23,399 - streamlit_logger_20250528_155822 - INFO -  sku 9L3Z99404A42A picked all items in compartment 6 of bin 3713. Now it will be marked empty.
2025-05-28 15:58:23,400 - streamlit_logger_20250528_155822 - DEBUG - confirmed - qty in bin is 0.0
2025-05-28 15:58:23,401 - streamlit_logger_20250528_155822 - INFO - success marking bin 3713 compartment 6 as empty
2025-05-28 15:58:23,401 - streamlit_logger_20250528_155822 - ERROR - No bins found containing 9L3Z99404A42A
2025-05-28 15:58:23,403 - streamlit_logger_20250528_155822 - ERROR - No priority 1 bin for sku 9L3Z99404A42A
2025-05-28 15:58:23,405 - streamlit_logger_20250528_155822 - DEBUG - check refill called
2025-05-28 15:58:23,406 - streamlit_logger_20250528_155822 - DEBUG - Processing order 72/104: SKU=JL1Z7860044AK, Qty=1
2025-05-28 15:58:23,407 - streamlit_logger_20250528_155822 - INFO - SKU JL1Z7860044AK was not in given sku data
2025-05-28 15:58:23,407 - streamlit_logger_20250528_155822 - DEBUG - Processing order 73/104: SKU=AL3Z15442A, Qty=1
2025-05-28 15:58:23,410 - streamlit_logger_20250528_155822 - INFO - sku AL3Z15442A in bin 3307 qty in bin 1.0
2025-05-28 15:58:23,410 - streamlit_logger_20250528_155822 - INFO - 1 units of sku AL3Z15442A can be picked entirely from bin 3307 with pre-pick qty of 1.0
2025-05-28 15:58:23,412 - streamlit_logger_20250528_155822 - INFO - sku AL3Z15442A had 14 bins above in the stack. It will now be popped to the top of the stack
2025-05-28 15:58:23,412 - streamlit_logger_20250528_155822 - INFO -  sku AL3Z15442A picked all items in compartment 4 of bin 3307. Now it will be marked empty.
2025-05-28 15:58:23,413 - streamlit_logger_20250528_155822 - DEBUG - confirmed - qty in bin is 0.0
2025-05-28 15:58:23,413 - streamlit_logger_20250528_155822 - INFO - success marking bin 3307 compartment 4 as empty
2025-05-28 15:58:23,414 - streamlit_logger_20250528_155822 - ERROR - No bins found containing AL3Z15442A
2025-05-28 15:58:23,415 - streamlit_logger_20250528_155822 - ERROR - No priority 1 bin for sku AL3Z15442A
2025-05-28 15:58:23,417 - streamlit_logger_20250528_155822 - DEBUG - check refill called
2025-05-28 15:58:23,418 - streamlit_logger_20250528_155822 - DEBUG - Processing order 74/104: SKU=H6BZ5822800A, Qty=1
2025-05-28 15:58:23,420 - streamlit_logger_20250528_155822 - INFO - sku H6BZ5822800A in bin 2835 qty in bin 1.0
2025-05-28 15:58:23,420 - streamlit_logger_20250528_155822 - INFO - 1 units of sku H6BZ5822800A can be picked entirely from bin 2835 with pre-pick qty of 1.0
2025-05-28 15:58:23,422 - streamlit_logger_20250528_155822 - INFO - sku H6BZ5822800A had 12 bins above in the stack. It will now be popped to the top of the stack
2025-05-28 15:58:23,422 - streamlit_logger_20250528_155822 - INFO -  sku H6BZ5822800A picked all items in compartment 1 of bin 2835. Now it will be marked empty.
2025-05-28 15:58:23,423 - streamlit_logger_20250528_155822 - DEBUG - confirmed - qty in bin is 0.0
2025-05-28 15:58:23,424 - streamlit_logger_20250528_155822 - INFO - success marking bin 2835 compartment 1 as empty
2025-05-28 15:58:23,424 - streamlit_logger_20250528_155822 - ERROR - No bins found containing H6BZ5822800A
2025-05-28 15:58:23,426 - streamlit_logger_20250528_155822 - ERROR - No priority 1 bin for sku H6BZ5822800A
2025-05-28 15:58:23,428 - streamlit_logger_20250528_155822 - DEBUG - check refill called
2025-05-28 15:58:23,429 - streamlit_logger_20250528_155822 - DEBUG - Processing order 75/104: SKU=BK2Z14A099H, Qty=1
2025-05-28 15:58:23,432 - streamlit_logger_20250528_155822 - INFO - sku BK2Z14A099H in bin 3789 qty in bin 1.0
2025-05-28 15:58:23,432 - streamlit_logger_20250528_155822 - INFO - 1 units of sku BK2Z14A099H can be picked entirely from bin 3789 with pre-pick qty of 1.0
2025-05-28 15:58:23,434 - streamlit_logger_20250528_155822 - INFO - sku BK2Z14A099H had 12 bins above in the stack. It will now be popped to the top of the stack
2025-05-28 15:58:23,435 - streamlit_logger_20250528_155822 - INFO -  sku BK2Z14A099H picked all items in compartment 7 of bin 3789. Now it will be marked empty.
2025-05-28 15:58:23,436 - streamlit_logger_20250528_155822 - DEBUG - confirmed - qty in bin is 0.0
2025-05-28 15:58:23,437 - streamlit_logger_20250528_155822 - INFO - success marking bin 3789 compartment 7 as empty
2025-05-28 15:58:23,438 - streamlit_logger_20250528_155822 - ERROR - No bins found containing BK2Z14A099H
2025-05-28 15:58:23,439 - streamlit_logger_20250528_155822 - ERROR - No priority 1 bin for sku BK2Z14A099H
2025-05-28 15:58:23,440 - streamlit_logger_20250528_155822 - DEBUG - check refill called
2025-05-28 15:58:23,441 - streamlit_logger_20250528_155822 - DEBUG - Processing order 76/104: SKU=HC3Z15702A, Qty=1
2025-05-28 15:58:23,441 - streamlit_logger_20250528_155822 - INFO - SKU HC3Z15702A was not in given sku data
2025-05-28 15:58:23,442 - streamlit_logger_20250528_155822 - DEBUG - Processing order 77/104: SKU=BC3Z14B321M, Qty=1
2025-05-28 15:58:23,442 - streamlit_logger_20250528_155822 - INFO - SKU BC3Z14B321M was not in given sku data
2025-05-28 15:58:23,442 - streamlit_logger_20250528_155822 - DEBUG - Processing order 78/104: SKU=DG9Z6A051A, Qty=1
2025-05-28 15:58:23,443 - streamlit_logger_20250528_155822 - INFO - SKU DG9Z6A051A was not in given sku data
2025-05-28 15:58:23,443 - streamlit_logger_20250528_155822 - DEBUG - Processing order 79/104: SKU=JX7Z14F680D, Qty=1
2025-05-28 15:58:23,444 - streamlit_logger_20250528_155822 - INFO - SKU JX7Z14F680D was in given data, but does not fit in the AS
2025-05-28 15:58:23,444 - streamlit_logger_20250528_155822 - DEBUG - Processing order 80/104: SKU=JL1Z5493A, Qty=1
2025-05-28 15:58:23,447 - streamlit_logger_20250528_155822 - INFO - sku JL1Z5493A in bin 3451 qty in bin 1.0
2025-05-28 15:58:23,447 - streamlit_logger_20250528_155822 - INFO - 1 units of sku JL1Z5493A can be picked entirely from bin 3451 with pre-pick qty of 1.0
2025-05-28 15:58:23,449 - streamlit_logger_20250528_155822 - INFO - sku JL1Z5493A had 0 bins above in the stack. It will now be popped to the top of the stack
2025-05-28 15:58:23,449 - streamlit_logger_20250528_155822 - INFO -  sku JL1Z5493A picked all items in compartment 2 of bin 3451. Now it will be marked empty.
2025-05-28 15:58:23,450 - streamlit_logger_20250528_155822 - DEBUG - confirmed - qty in bin is 0.0
2025-05-28 15:58:23,450 - streamlit_logger_20250528_155822 - INFO - success marking bin 3451 compartment 2 as empty
2025-05-28 15:58:23,451 - streamlit_logger_20250528_155822 - ERROR - No bins found containing JL1Z5493A
2025-05-28 15:58:23,452 - streamlit_logger_20250528_155822 - ERROR - No priority 1 bin for sku JL1Z5493A
2025-05-28 15:58:23,453 - streamlit_logger_20250528_155822 - DEBUG - check refill called
2025-05-28 15:58:23,454 - streamlit_logger_20250528_155822 - DEBUG - Processing order 81/104: SKU=BM5Z16055A, Qty=1
2025-05-28 15:58:23,454 - streamlit_logger_20250528_155822 - INFO - SKU BM5Z16055A was not in given sku data
2025-05-28 15:58:23,455 - streamlit_logger_20250528_155822 - DEBUG - Processing order 82/104: SKU=DT1Z8310C, Qty=1
2025-05-28 15:58:23,457 - streamlit_logger_20250528_155822 - INFO - sku DT1Z8310C in bin 2637 qty in bin 1.0
2025-05-28 15:58:23,457 - streamlit_logger_20250528_155822 - INFO - 1 units of sku DT1Z8310C can be picked entirely from bin 2637 with pre-pick qty of 1.0
2025-05-28 15:58:23,459 - streamlit_logger_20250528_155822 - INFO - sku DT1Z8310C had 11 bins above in the stack. It will now be popped to the top of the stack
2025-05-28 15:58:23,460 - streamlit_logger_20250528_155822 - INFO -  sku DT1Z8310C picked all items in compartment 2 of bin 2637. Now it will be marked empty.
2025-05-28 15:58:23,461 - streamlit_logger_20250528_155822 - DEBUG - confirmed - qty in bin is 0.0
2025-05-28 15:58:23,462 - streamlit_logger_20250528_155822 - INFO - success marking bin 2637 compartment 2 as empty
2025-05-28 15:58:23,463 - streamlit_logger_20250528_155822 - ERROR - No bins found containing DT1Z8310C
2025-05-28 15:58:23,465 - streamlit_logger_20250528_155822 - ERROR - No priority 1 bin for sku DT1Z8310C
2025-05-28 15:58:23,466 - streamlit_logger_20250528_155822 - DEBUG - check refill called
2025-05-28 15:58:23,467 - streamlit_logger_20250528_155822 - DEBUG - Processing order 83/104: SKU=7C3Z3691C, Qty=1
2025-05-28 15:58:23,468 - streamlit_logger_20250528_155822 - INFO - SKU 7C3Z3691C was not in given sku data
2025-05-28 15:58:23,468 - streamlit_logger_20250528_155822 - DEBUG - Processing order 84/104: SKU=BC3Z7G383K, Qty=1
2025-05-28 15:58:23,468 - streamlit_logger_20250528_155822 - INFO - SKU BC3Z7G383K was not in given sku data
2025-05-28 15:58:23,468 - streamlit_logger_20250528_155822 - DEBUG - Processing order 85/104: SKU=ML3Z19A487AA, Qty=1
2025-05-28 15:58:23,469 - streamlit_logger_20250528_155822 - INFO - SKU ML3Z19A487AA was not in given sku data
2025-05-28 15:58:23,469 - streamlit_logger_20250528_155822 - DEBUG - Processing order 86/104: SKU=EB3Z2C150C, Qty=1
2025-05-28 15:58:23,472 - streamlit_logger_20250528_155822 - INFO - sku EB3Z2C150C in bin 3935 qty in bin 1.0
2025-05-28 15:58:23,473 - streamlit_logger_20250528_155822 - INFO - 1 units of sku EB3Z2C150C can be picked entirely from bin 3935 with pre-pick qty of 1.0
2025-05-28 15:58:23,476 - streamlit_logger_20250528_155822 - INFO - sku EB3Z2C150C had 3 bins above in the stack. It will now be popped to the top of the stack
2025-05-28 15:58:23,476 - streamlit_logger_20250528_155822 - INFO -  sku EB3Z2C150C picked all items in compartment 6 of bin 3935. Now it will be marked empty.
2025-05-28 15:58:23,477 - streamlit_logger_20250528_155822 - DEBUG - confirmed - qty in bin is 0.0
2025-05-28 15:58:23,478 - streamlit_logger_20250528_155822 - INFO - success marking bin 3935 compartment 6 as empty
2025-05-28 15:58:23,479 - streamlit_logger_20250528_155822 - ERROR - No bins found containing EB3Z2C150C
2025-05-28 15:58:23,480 - streamlit_logger_20250528_155822 - ERROR - No priority 1 bin for sku EB3Z2C150C
2025-05-28 15:58:23,481 - streamlit_logger_20250528_155822 - DEBUG - check refill called
2025-05-28 15:58:23,483 - streamlit_logger_20250528_155822 - DEBUG - Processing order 87/104: SKU=F2GZ9J280B, Qty=1
2025-05-28 15:58:23,487 - streamlit_logger_20250528_155822 - INFO - sku F2GZ9J280B in bin 2679 qty in bin 1.0
2025-05-28 15:58:23,487 - streamlit_logger_20250528_155822 - INFO - 1 units of sku F2GZ9J280B can be picked entirely from bin 2679 with pre-pick qty of 1.0
2025-05-28 15:58:23,488 - streamlit_logger_20250528_155822 - INFO - sku F2GZ9J280B had 6 bins above in the stack. It will now be popped to the top of the stack
2025-05-28 15:58:23,488 - streamlit_logger_20250528_155822 - INFO -  sku F2GZ9J280B picked all items in compartment 2 of bin 2679. Now it will be marked empty.
2025-05-28 15:58:23,489 - streamlit_logger_20250528_155822 - DEBUG - confirmed - qty in bin is 0.0
2025-05-28 15:58:23,490 - streamlit_logger_20250528_155822 - INFO - success marking bin 2679 compartment 2 as empty
2025-05-28 15:58:23,491 - streamlit_logger_20250528_155822 - ERROR - No bins found containing F2GZ9J280B
2025-05-28 15:58:23,493 - streamlit_logger_20250528_155822 - ERROR - No priority 1 bin for sku F2GZ9J280B
2025-05-28 15:58:23,494 - streamlit_logger_20250528_155822 - DEBUG - check refill called
2025-05-28 15:58:23,495 - streamlit_logger_20250528_155822 - DEBUG - Processing order 88/104: SKU=LC5Z8C324A, Qty=1
2025-05-28 15:58:23,499 - streamlit_logger_20250528_155822 - INFO - sku LC5Z8C324A in bin 4213 qty in bin 1.0
2025-05-28 15:58:23,499 - streamlit_logger_20250528_155822 - INFO - 1 units of sku LC5Z8C324A can be picked entirely from bin 4213 with pre-pick qty of 1.0
2025-05-28 15:58:23,501 - streamlit_logger_20250528_155822 - INFO - sku LC5Z8C324A had 2 bins above in the stack. It will now be popped to the top of the stack
2025-05-28 15:58:23,501 - streamlit_logger_20250528_155822 - INFO -  sku LC5Z8C324A picked all items in compartment 8 of bin 4213. Now it will be marked empty.
2025-05-28 15:58:23,502 - streamlit_logger_20250528_155822 - DEBUG - confirmed - qty in bin is 0.0
2025-05-28 15:58:23,502 - streamlit_logger_20250528_155822 - INFO - success marking bin 4213 compartment 8 as empty
2025-05-28 15:58:23,503 - streamlit_logger_20250528_155822 - ERROR - No bins found containing LC5Z8C324A
2025-05-28 15:58:23,504 - streamlit_logger_20250528_155822 - ERROR - No priority 1 bin for sku LC5Z8C324A
2025-05-28 15:58:23,506 - streamlit_logger_20250528_155822 - DEBUG - check refill called
2025-05-28 15:58:23,507 - streamlit_logger_20250528_155822 - DEBUG - Processing order 89/104: SKU=4L8Z6750AA, Qty=1
2025-05-28 15:58:23,508 - streamlit_logger_20250528_155822 - INFO - SKU 4L8Z6750AA was in given data, but does not fit in the AS
2025-05-28 15:58:23,509 - streamlit_logger_20250528_155822 - DEBUG - Processing order 90/104: SKU=5W7Z16700A, Qty=1
2025-05-28 15:58:23,509 - streamlit_logger_20250528_155822 - INFO - SKU 5W7Z16700A was not in given sku data
2025-05-28 15:58:23,510 - streamlit_logger_20250528_155822 - DEBUG - Processing order 91/104: SKU=LK4Z18495D, Qty=1
2025-05-28 15:58:23,511 - streamlit_logger_20250528_155822 - INFO - SKU LK4Z18495D was not in given sku data
2025-05-28 15:58:23,512 - streamlit_logger_20250528_155822 - DEBUG - Processing order 92/104: SKU=M1PZ78018A17A, Qty=1
2025-05-28 15:58:23,513 - streamlit_logger_20250528_155822 - INFO - SKU M1PZ78018A17A was not in given sku data
2025-05-28 15:58:23,513 - streamlit_logger_20250528_155822 - DEBUG - Processing order 93/104: SKU=ML3Z1625861C, Qty=1
2025-05-28 15:58:23,514 - streamlit_logger_20250528_155822 - INFO - SKU ML3Z1625861C was not in given sku data
2025-05-28 15:58:23,515 - streamlit_logger_20250528_155822 - DEBUG - Processing order 94/104: SKU=KT4Z16C826A, Qty=1
2025-05-28 15:58:23,517 - streamlit_logger_20250528_155822 - INFO - SKU KT4Z16C826A was in given data, but does not fit in the AS
2025-05-28 15:58:23,518 - streamlit_logger_20250528_155822 - DEBUG - Processing order 95/104: SKU=LK4Z16A238A, Qty=1
2025-05-28 15:58:23,518 - streamlit_logger_20250528_155822 - INFO - SKU LK4Z16A238A was not in given sku data
2025-05-28 15:58:23,519 - streamlit_logger_20250528_155822 - DEBUG - Processing order 96/104: SKU=LC3Z1660044AB, Qty=1
2025-05-28 15:58:23,519 - streamlit_logger_20250528_155822 - INFO - SKU LC3Z1660044AB was not in given sku data
2025-05-28 15:58:23,520 - streamlit_logger_20250528_155822 - DEBUG - Processing order 97/104: SKU=HC3Z8075E, Qty=1
2025-05-28 15:58:23,524 - streamlit_logger_20250528_155822 - INFO - sku HC3Z8075E in bin 4102 qty in bin 1.0
2025-05-28 15:58:23,524 - streamlit_logger_20250528_155822 - INFO - 1 units of sku HC3Z8075E can be picked entirely from bin 4102 with pre-pick qty of 1.0
2025-05-28 15:58:23,528 - streamlit_logger_20250528_155822 - INFO - sku HC3Z8075E had 0 bins above in the stack. It will now be popped to the top of the stack
2025-05-28 15:58:23,528 - streamlit_logger_20250528_155822 - INFO -  sku HC3Z8075E picked all items in compartment 6 of bin 4102. Now it will be marked empty.
2025-05-28 15:58:23,530 - streamlit_logger_20250528_155822 - DEBUG - confirmed - qty in bin is 0.0
2025-05-28 15:58:23,531 - streamlit_logger_20250528_155822 - INFO - success marking bin 4102 compartment 6 as empty
2025-05-28 15:58:23,532 - streamlit_logger_20250528_155822 - ERROR - No bins found containing HC3Z8075E
2025-05-28 15:58:23,535 - streamlit_logger_20250528_155822 - ERROR - No priority 1 bin for sku HC3Z8075E
2025-05-28 15:58:23,539 - streamlit_logger_20250528_155822 - DEBUG - check refill called
2025-05-28 15:58:23,540 - streamlit_logger_20250528_155822 - DEBUG - Processing order 98/104: SKU=LJ6Z16E132A, Qty=1
2025-05-28 15:58:23,541 - streamlit_logger_20250528_155822 - INFO - SKU LJ6Z16E132A was not in given sku data
2025-05-28 15:58:23,541 - streamlit_logger_20250528_155822 - DEBUG - Processing order 99/104: SKU=KL3Z17D550CB, Qty=1
2025-05-28 15:58:23,546 - streamlit_logger_20250528_155822 - INFO - sku KL3Z17D550CB in bin 3472 qty in bin 1.0
2025-05-28 15:58:23,546 - streamlit_logger_20250528_155822 - INFO - 1 units of sku KL3Z17D550CB can be picked entirely from bin 3472 with pre-pick qty of 1.0
2025-05-28 15:58:23,551 - streamlit_logger_20250528_155822 - INFO - sku KL3Z17D550CB had 17 bins above in the stack. It will now be popped to the top of the stack
2025-05-28 15:58:23,551 - streamlit_logger_20250528_155822 - INFO -  sku KL3Z17D550CB picked all items in compartment 1 of bin 3472. Now it will be marked empty.
2025-05-28 15:58:23,553 - streamlit_logger_20250528_155822 - DEBUG - confirmed - qty in bin is 0.0
2025-05-28 15:58:23,555 - streamlit_logger_20250528_155822 - INFO - success marking bin 3472 compartment 1 as empty
2025-05-28 15:58:23,555 - streamlit_logger_20250528_155822 - ERROR - No bins found containing KL3Z17D550CB
2025-05-28 15:58:23,557 - streamlit_logger_20250528_155822 - ERROR - No priority 1 bin for sku KL3Z17D550CB
2025-05-28 15:58:23,559 - streamlit_logger_20250528_155822 - DEBUG - check refill called
2025-05-28 15:58:23,560 - streamlit_logger_20250528_155822 - DEBUG - Processing order 100/104: SKU=F7UZ4067AA, Qty=1
2025-05-28 15:58:23,561 - streamlit_logger_20250528_155822 - INFO - SKU F7UZ4067AA was not in given sku data
2025-05-28 15:58:23,561 - streamlit_logger_20250528_155822 - DEBUG - Processing order 101/104: SKU=FD8Z7G383C, Qty=1
2025-05-28 15:58:23,565 - streamlit_logger_20250528_155822 - INFO - sku FD8Z7G383C in bin 4028 qty in bin 1.0
2025-05-28 15:58:23,565 - streamlit_logger_20250528_155822 - INFO - 1 units of sku FD8Z7G383C can be picked entirely from bin 4028 with pre-pick qty of 1.0
2025-05-28 15:58:23,567 - streamlit_logger_20250528_155822 - INFO - sku FD8Z7G383C had 6 bins above in the stack. It will now be popped to the top of the stack
2025-05-28 15:58:23,567 - streamlit_logger_20250528_155822 - INFO -  sku FD8Z7G383C picked all items in compartment 3 of bin 4028. Now it will be marked empty.
2025-05-28 15:58:23,568 - streamlit_logger_20250528_155822 - DEBUG - confirmed - qty in bin is 0.0
2025-05-28 15:58:23,569 - streamlit_logger_20250528_155822 - INFO - success marking bin 4028 compartment 3 as empty
2025-05-28 15:58:23,569 - streamlit_logger_20250528_155822 - ERROR - No bins found containing FD8Z7G383C
2025-05-28 15:58:23,571 - streamlit_logger_20250528_155822 - ERROR - No priority 1 bin for sku FD8Z7G383C
2025-05-28 15:58:23,572 - streamlit_logger_20250528_155822 - DEBUG - check refill called
2025-05-28 15:58:23,573 - streamlit_logger_20250528_155822 - DEBUG - Processing order 102/104: SKU=HC3Z6140A, Qty=1
2025-05-28 15:58:23,576 - streamlit_logger_20250528_155822 - INFO - sku HC3Z6140A in bin 4100 qty in bin 1.0
2025-05-28 15:58:23,576 - streamlit_logger_20250528_155822 - INFO - 1 units of sku HC3Z6140A can be picked entirely from bin 4100 with pre-pick qty of 1.0
2025-05-28 15:58:23,578 - streamlit_logger_20250528_155822 - INFO - sku HC3Z6140A had 0 bins above in the stack. It will now be popped to the top of the stack
2025-05-28 15:58:23,579 - streamlit_logger_20250528_155822 - INFO -  sku HC3Z6140A picked all items in compartment 6 of bin 4100. Now it will be marked empty.
2025-05-28 15:58:23,580 - streamlit_logger_20250528_155822 - DEBUG - confirmed - qty in bin is 0.0
2025-05-28 15:58:23,582 - streamlit_logger_20250528_155822 - INFO - success marking bin 4100 compartment 6 as empty
2025-05-28 15:58:23,582 - streamlit_logger_20250528_155822 - ERROR - No bins found containing HC3Z6140A
2025-05-28 15:58:23,584 - streamlit_logger_20250528_155822 - ERROR - No priority 1 bin for sku HC3Z6140A
2025-05-28 15:58:23,585 - streamlit_logger_20250528_155822 - DEBUG - check refill called
2025-05-28 15:58:23,586 - streamlit_logger_20250528_155822 - DEBUG - Processing order 103/104: SKU=3U2Z14S411PRC, Qty=1
2025-05-28 15:58:23,587 - streamlit_logger_20250528_155822 - INFO - SKU 3U2Z14S411PRC was not in given sku data
2025-05-28 15:58:23,587 - streamlit_logger_20250528_155822 - DEBUG - Processing order 104/104: SKU=LP5Z7B442B, Qty=1
2025-05-28 15:58:23,589 - streamlit_logger_20250528_155822 - INFO - sku LP5Z7B442B in bin 4229 qty in bin 1.0
2025-05-28 15:58:23,590 - streamlit_logger_20250528_155822 - INFO - 1 units of sku LP5Z7B442B can be picked entirely from bin 4229 with pre-pick qty of 1.0
2025-05-28 15:58:23,592 - streamlit_logger_20250528_155822 - INFO - sku LP5Z7B442B had 11 bins above in the stack. It will now be popped to the top of the stack
2025-05-28 15:58:23,592 - streamlit_logger_20250528_155822 - INFO -  sku LP5Z7B442B picked all items in compartment 3 of bin 4229. Now it will be marked empty.
2025-05-28 15:58:23,593 - streamlit_logger_20250528_155822 - DEBUG - confirmed - qty in bin is 0.0
2025-05-28 15:58:23,594 - streamlit_logger_20250528_155822 - INFO - success marking bin 4229 compartment 3 as empty
2025-05-28 15:58:23,594 - streamlit_logger_20250528_155822 - ERROR - No bins found containing LP5Z7B442B
2025-05-28 15:58:23,596 - streamlit_logger_20250528_155822 - ERROR - No priority 1 bin for sku LP5Z7B442B
2025-05-28 15:58:23,597 - streamlit_logger_20250528_155822 - DEBUG - check refill called
